This file contains any messages produced by compilers while
running configure, to aid debugging if configure makes a mistake.

It was created by stunnel configure 5.17, which was
generated by GNU Autoconf 2.69.  Invocation command line was

  $ ./configure 

## --------- ##
## Platform. ##
## --------- ##

hostname = default5285
uname -m = x86_64
uname -r = 14.3.0
uname -s = Darwin
uname -v = Darwin Kernel Version 14.3.0: Mon Mar 23 11:59:05 PDT 2015; root:xnu-2782.20.48~5/RELEASE_X86_64

/usr/bin/uname -p = i386
/bin/uname -X     = unknown

/bin/arch              = unknown
/usr/bin/arch -k       = unknown
/usr/convex/getsysinfo = unknown
/usr/bin/hostinfo      = Mach kernel version:
	 Darwin Kernel Version 14.3.0: Mon Mar 23 11:59:05 PDT 2015; root:xnu-2782.20.48~5/RELEASE_X86_64
Kernel configured for up to 4 processors.
2 processors are physically available.
4 processors are logically available.
Processor type: i486 (Intel 80486)
Processors active: 0 1 2 3
Primary memory available: 4.00 gigabytes
Default processor set: 219 tasks, 924 threads, 4 processors
Load average: 1.52, Mach factor: 2.54
/bin/machine           = unknown
/usr/bin/oslevel       = unknown
/bin/universe          = unknown

PATH: /usr/local/bin
PATH: /usr/bin
PATH: /bin
PATH: /usr/sbin
PATH: /sbin
PATH: /opt/X11/bin
PATH: /usr/local/git/bin


## ----------- ##
## Core tests. ##
## ----------- ##

configure:2463: **************************************** initialization
configure:2514: checking for a BSD-compatible install
configure:2582: result: /usr/bin/install -c
configure:2593: checking whether build environment is sane
configure:2648: result: yes
configure:2799: checking for a thread-safe mkdir -p
configure:2838: result: auto/install-sh -c -d
configure:2845: checking for gawk
configure:2875: result: no
configure:2845: checking for mawk
configure:2875: result: no
configure:2845: checking for nawk
configure:2875: result: no
configure:2845: checking for awk
configure:2861: found /usr/bin/awk
configure:2872: result: awk
configure:2883: checking whether make sets $(MAKE)
configure:2905: result: yes
configure:2934: checking whether make supports nested variables
configure:2951: result: yes
configure:3085: checking build system type
configure:3099: result: x86_64-apple-darwin14.3.0
configure:3119: checking host system type
configure:3132: result: x86_64-apple-darwin14.3.0
configure:3220: checking for gcc
configure:3236: found /usr/bin/gcc
configure:3247: result: gcc
configure:3476: checking for C compiler version
configure:3485: gcc --version >&5
Apple LLVM version 6.1.0 (clang-602.0.49) (based on LLVM 3.6.0svn)
Target: x86_64-apple-darwin14.3.0
Thread model: posix
Configured with: --prefix=/Applications/Xcode.app/Contents/Developer/usr --with-gxx-include-dir=/usr/include/c++/4.2.1
configure:3496: $? = 0
configure:3485: gcc -v >&5
Configured with: --prefix=/Applications/Xcode.app/Contents/Developer/usr --with-gxx-include-dir=/usr/include/c++/4.2.1
Apple LLVM version 6.1.0 (clang-602.0.49) (based on LLVM 3.6.0svn)
Target: x86_64-apple-darwin14.3.0
Thread model: posix
configure:3496: $? = 0
configure:3485: gcc -V >&5
clang: error: argument to '-V' is missing (expected 1 value)
clang: error: no input files
configure:3496: $? = 1
configure:3485: gcc -qversion >&5
clang: error: unknown argument: '-qversion'
clang: error: no input files
configure:3496: $? = 1
configure:3516: checking whether the C compiler works
configure:3538: gcc    conftest.c  >&5
configure:3542: $? = 0
configure:3590: result: yes
configure:3593: checking for C compiler default output file name
configure:3595: result: a.out
configure:3601: checking for suffix of executables
configure:3608: gcc -o conftest    conftest.c  >&5
configure:3612: $? = 0
configure:3634: result: 
configure:3656: checking whether we are cross compiling
configure:3664: gcc -o conftest    conftest.c  >&5
configure:3668: $? = 0
configure:3675: ./conftest
configure:3679: $? = 0
configure:3694: result: no
configure:3699: checking for suffix of object files
configure:3721: gcc -c   conftest.c >&5
configure:3725: $? = 0
configure:3746: result: o
configure:3750: checking whether we are using the GNU C compiler
configure:3769: gcc -c   conftest.c >&5
configure:3769: $? = 0
configure:3778: result: yes
configure:3787: checking whether gcc accepts -g
configure:3807: gcc -c -g  conftest.c >&5
configure:3807: $? = 0
configure:3848: result: yes
configure:3865: checking for gcc option to accept ISO C89
configure:3928: gcc  -c -g -O2  conftest.c >&5
configure:3928: $? = 0
configure:3941: result: none needed
configure:3966: checking whether gcc understands -c and -o together
configure:3988: gcc -c conftest.c -o conftest2.o
configure:3991: $? = 0
configure:3988: gcc -c conftest.c -o conftest2.o
configure:3991: $? = 0
configure:4003: result: yes
configure:4031: checking for style of include used by make
configure:4059: result: GNU
configure:4085: checking dependency style of gcc
configure:4196: result: gcc3
configure:4213: checking whether make sets $(MAKE)
configure:4235: result: yes
configure:4245: **************************************** thread model
configure:4841: checking if compiler needs -Werror to reject unknown flags
configure:4857: gcc -c -g -O2 -Werror -Wunknown-warning-option -Wsizeof-array-argument  conftest.c >&5
configure:4857: $? = 0
configure:4858: result: yes
configure:4878: checking whether pthreads work with -pthread
configure:4966: gcc -o conftest -g -O2 -pthread -Werror   conftest.c   >&5
configure:4966: $? = 0
configure:4975: result: yes
configure:4994: checking for joinable pthread attribute
configure:5009: gcc -o conftest -g -O2 -pthread   conftest.c   >&5
configure:5009: $? = 0
configure:5015: result: PTHREAD_CREATE_JOINABLE
configure:5025: checking if more special flags are required for pthreads
configure:5040: result: -D_THREAD_SAFE
configure:5046: checking for PTHREAD_PRIO_INHERIT
configure:5063: gcc -o conftest -g -O2 -pthread   conftest.c   >&5
configure:5063: $? = 0
configure:5072: result: yes
configure:5157: PTHREAD thread model detected
configure:5188: **************************************** compiler/linker flags
configure:5196: checking whether C compiler accepts -Wall
configure:5215: gcc -c -g -O2 -D_THREAD_SAFE -pthread  -Wall  conftest.c >&5
configure:5215: $? = 0
configure:5224: result: yes
configure:5237: : CFLAGS="$CFLAGS $flag"
configure:5240: $? = 0
configure:5261: checking whether C compiler accepts -Wextra
configure:5280: gcc -c -g -O2 -D_THREAD_SAFE -pthread -Wall  -Wextra  conftest.c >&5
configure:5280: $? = 0
configure:5289: result: yes
configure:5302: : CFLAGS="$CFLAGS $flag"
configure:5305: $? = 0
configure:5326: checking whether C compiler accepts -Wpedantic
configure:5345: gcc -c -g -O2 -D_THREAD_SAFE -pthread -Wall -Wextra  -Wpedantic  conftest.c >&5
configure:5345: $? = 0
configure:5354: result: yes
configure:5367: : CFLAGS="$CFLAGS $flag"
configure:5370: $? = 0
configure:5391: checking whether C compiler accepts -Wformat=2
configure:5410: gcc -c -g -O2 -D_THREAD_SAFE -pthread -Wall -Wextra -Wpedantic  -Wformat=2  conftest.c >&5
configure:5410: $? = 0
configure:5419: result: yes
configure:5432: : CFLAGS="$CFLAGS $flag"
configure:5435: $? = 0
configure:5456: checking whether C compiler accepts -Wconversion
configure:5475: gcc -c -g -O2 -D_THREAD_SAFE -pthread -Wall -Wextra -Wpedantic -Wformat=2  -Wconversion  conftest.c >&5
configure:5475: $? = 0
configure:5484: result: yes
configure:5497: : CFLAGS="$CFLAGS $flag"
configure:5500: $? = 0
configure:5521: checking whether C compiler accepts -Wno-long-long
configure:5540: gcc -c -g -O2 -D_THREAD_SAFE -pthread -Wall -Wextra -Wpedantic -Wformat=2 -Wconversion  -Wno-long-long  conftest.c >&5
configure:5540: $? = 0
configure:5549: result: yes
configure:5562: : CFLAGS="$CFLAGS $flag"
configure:5565: $? = 0
configure:5586: checking whether C compiler accepts -Wno-deprecated-declarations
configure:5605: gcc -c -g -O2 -D_THREAD_SAFE -pthread -Wall -Wextra -Wpedantic -Wformat=2 -Wconversion -Wno-long-long  -Wno-deprecated-declarations  conftest.c >&5
configure:5605: $? = 0
configure:5614: result: yes
configure:5627: : CFLAGS="$CFLAGS $flag"
configure:5630: $? = 0
configure:5651: checking whether C compiler accepts -fstack-protector
configure:5670: gcc -c -g -O2 -D_THREAD_SAFE -pthread -Wall -Wextra -Wpedantic -Wformat=2 -Wconversion -Wno-long-long -Wno-deprecated-declarations  -fstack-protector  conftest.c >&5
configure:5670: $? = 0
configure:5679: result: yes
configure:5692: : CFLAGS="$CFLAGS $flag"
configure:5695: $? = 0
configure:5716: checking whether C compiler accepts -fPIE
configure:5735: gcc -c -g -O2 -D_THREAD_SAFE -pthread -Wall -Wextra -Wpedantic -Wformat=2 -Wconversion -Wno-long-long -Wno-deprecated-declarations -fstack-protector  -fPIE  conftest.c >&5
configure:5735: $? = 0
configure:5744: result: yes
configure:5757: : CFLAGS="$CFLAGS $flag"
configure:5760: $? = 0
configure:5781: checking whether C compiler accepts -D_FORTIFY_SOURCE=2
configure:5800: gcc -c -g -O2 -D_THREAD_SAFE -pthread -Wall -Wextra -Wpedantic -Wformat=2 -Wconversion -Wno-long-long -Wno-deprecated-declarations -fstack-protector -fPIE  -D_FORTIFY_SOURCE=2  conftest.c >&5
configure:5800: $? = 0
configure:5809: result: yes
configure:5822: : CFLAGS="$CFLAGS $flag"
configure:5825: $? = 0
configure:5846: checking whether the linker accepts -fPIE
configure:5865: gcc -o conftest -g -O2 -D_THREAD_SAFE -pthread -Wall -Wextra -Wpedantic -Wformat=2 -Wconversion -Wno-long-long -Wno-deprecated-declarations -fstack-protector -fPIE -D_FORTIFY_SOURCE=2    -fPIE conftest.c   >&5
configure:5865: $? = 0
configure:5875: result: yes
configure:5888: : LDFLAGS="$LDFLAGS $flag"
configure:5891: $? = 0
configure:5846: checking whether the linker accepts -pie
configure:5865: gcc -o conftest -g -O2 -D_THREAD_SAFE -pthread -Wall -Wextra -Wpedantic -Wformat=2 -Wconversion -Wno-long-long -Wno-deprecated-declarations -fstack-protector -fPIE -D_FORTIFY_SOURCE=2   -fPIE  -pie conftest.c   >&5
clang: warning: argument unused during compilation: '-pie'
configure:5865: $? = 0
configure:5875: result: yes
configure:5888: : LDFLAGS="$LDFLAGS $flag"
configure:5891: $? = 0
configure:5912: checking whether the linker accepts -Wl,-z,relro
configure:5931: gcc -o conftest -g -O2 -D_THREAD_SAFE -pthread -Wall -Wextra -Wpedantic -Wformat=2 -Wconversion -Wno-long-long -Wno-deprecated-declarations -fstack-protector -fPIE -D_FORTIFY_SOURCE=2   -fPIE -pie  -Wl,-z,relro conftest.c   >&5
clang: warning: argument unused during compilation: '-pie'
ld: unknown option: -z
clang: error: linker command failed with exit code 1 (use -v to see invocation)
configure:5931: $? = 1
configure: failed program was:
| /* confdefs.h */
| #define PACKAGE_NAME "stunnel"
| #define PACKAGE_TARNAME "stunnel"
| #define PACKAGE_VERSION "5.17"
| #define PACKAGE_STRING "stunnel 5.17"
| #define PACKAGE_BUGREPORT ""
| #define PACKAGE_URL ""
| #define PACKAGE "stunnel"
| #define VERSION "5.17"
| #define _GNU_SOURCE 1
| #define HOST "x86_64-apple-darwin14.3.0"
| #define CPU_X86_64 1
| #define VENDOR_APPLE 1
| #define OS_DARWIN14_3_0 1
| #define HAVE_PTHREAD_PRIO_INHERIT 1
| #define USE_PTHREAD 1
| /* end confdefs.h.  */
| 
| int
| main ()
| {
| 
|   ;
|   return 0;
| }
configure:5941: result: no
configure:5978: checking whether the linker accepts -Wl,-z,now
configure:5997: gcc -o conftest -g -O2 -D_THREAD_SAFE -pthread -Wall -Wextra -Wpedantic -Wformat=2 -Wconversion -Wno-long-long -Wno-deprecated-declarations -fstack-protector -fPIE -D_FORTIFY_SOURCE=2   -fPIE -pie  -Wl,-z,now conftest.c   >&5
clang: warning: argument unused during compilation: '-pie'
ld: unknown option: -z
clang: error: linker command failed with exit code 1 (use -v to see invocation)
configure:5997: $? = 1
configure: failed program was:
| /* confdefs.h */
| #define PACKAGE_NAME "stunnel"
| #define PACKAGE_TARNAME "stunnel"
| #define PACKAGE_VERSION "5.17"
| #define PACKAGE_STRING "stunnel 5.17"
| #define PACKAGE_BUGREPORT ""
| #define PACKAGE_URL ""
| #define PACKAGE "stunnel"
| #define VERSION "5.17"
| #define _GNU_SOURCE 1
| #define HOST "x86_64-apple-darwin14.3.0"
| #define CPU_X86_64 1
| #define VENDOR_APPLE 1
| #define OS_DARWIN14_3_0 1
| #define HAVE_PTHREAD_PRIO_INHERIT 1
| #define USE_PTHREAD 1
| /* end confdefs.h.  */
| 
| int
| main ()
| {
| 
|   ;
|   return 0;
| }
configure:6007: result: no
configure:6044: checking whether the linker accepts -Wl,-z,noexecstack
configure:6063: gcc -o conftest -g -O2 -D_THREAD_SAFE -pthread -Wall -Wextra -Wpedantic -Wformat=2 -Wconversion -Wno-long-long -Wno-deprecated-declarations -fstack-protector -fPIE -D_FORTIFY_SOURCE=2   -fPIE -pie  -Wl,-z,noexecstack conftest.c   >&5
clang: warning: argument unused during compilation: '-pie'
ld: unknown option: -z
clang: error: linker command failed with exit code 1 (use -v to see invocation)
configure:6063: $? = 1
configure: failed program was:
| /* confdefs.h */
| #define PACKAGE_NAME "stunnel"
| #define PACKAGE_TARNAME "stunnel"
| #define PACKAGE_VERSION "5.17"
| #define PACKAGE_STRING "stunnel 5.17"
| #define PACKAGE_BUGREPORT ""
| #define PACKAGE_URL ""
| #define PACKAGE "stunnel"
| #define VERSION "5.17"
| #define _GNU_SOURCE 1
| #define HOST "x86_64-apple-darwin14.3.0"
| #define CPU_X86_64 1
| #define VENDOR_APPLE 1
| #define OS_DARWIN14_3_0 1
| #define HAVE_PTHREAD_PRIO_INHERIT 1
| #define USE_PTHREAD 1
| /* end confdefs.h.  */
| 
| int
| main ()
| {
| 
|   ;
|   return 0;
| }
configure:6073: result: no
configure:6105: **************************************** libtool
configure:6153: checking how to print strings
configure:6180: result: printf
configure:6201: checking for a sed that does not truncate output
configure:6265: result: /usr/bin/sed
configure:6283: checking for grep that handles long lines and -e
configure:6341: result: /usr/bin/grep
configure:6346: checking for egrep
configure:6408: result: /usr/bin/grep -E
configure:6413: checking for fgrep
configure:6475: result: /usr/bin/grep -F
configure:6510: checking for ld used by gcc
configure:6577: result: /Applications/Xcode.app/Contents/Developer/Toolchains/XcodeDefault.xctoolchain/usr/bin/ld
configure:6584: checking if the linker (/Applications/Xcode.app/Contents/Developer/Toolchains/XcodeDefault.xctoolchain/usr/bin/ld) is GNU ld
configure:6599: result: no
configure:6611: checking for BSD- or MS-compatible name lister (nm)
configure:6660: result: /usr/bin/nm
configure:6790: checking the name lister (/usr/bin/nm) interface
configure:6797: gcc -c -g -O2 -D_THREAD_SAFE -pthread -Wall -Wextra -Wpedantic -Wformat=2 -Wconversion -Wno-long-long -Wno-deprecated-declarations -fstack-protector -fPIE -D_FORTIFY_SOURCE=2  conftest.c >&5
configure:6800: /usr/bin/nm "conftest.o"
configure:6803: output
00000000000001f0 S _some_variable
configure:6810: result: BSD nm
configure:6813: checking whether ln -s works
configure:6817: result: yes
configure:6825: checking the maximum length of command line arguments
configure:6956: result: 196608
configure:6973: checking whether the shell understands some XSI constructs
configure:6983: result: yes
configure:6987: checking whether the shell understands "+="
configure:6993: result: yes
configure:7028: checking how to convert x86_64-apple-darwin14.3.0 file names to x86_64-apple-darwin14.3.0 format
configure:7068: result: func_convert_file_noop
configure:7075: checking how to convert x86_64-apple-darwin14.3.0 file names to toolchain format
configure:7095: result: func_convert_file_noop
configure:7102: checking for /Applications/Xcode.app/Contents/Developer/Toolchains/XcodeDefault.xctoolchain/usr/bin/ld option to reload object files
configure:7109: result: -r
configure:7183: checking for objdump
configure:7213: result: no
configure:7242: checking how to recognize dependent libraries
configure:7440: result: pass_all
configure:7525: checking for dlltool
configure:7555: result: no
configure:7585: checking how to associate runtime and link libraries
configure:7612: result: printf %s\n
configure:7672: checking for ar
configure:7688: found /usr/bin/ar
configure:7699: result: ar
configure:7736: checking for archiver @FILE support
configure:7753: gcc -c -g -O2 -D_THREAD_SAFE -pthread -Wall -Wextra -Wpedantic -Wformat=2 -Wconversion -Wno-long-long -Wno-deprecated-declarations -fstack-protector -fPIE -D_FORTIFY_SOURCE=2  conftest.c >&5
configure:7753: $? = 0
configure:7756: ar cru libconftest.a @conftest.lst >&5
ar: @conftest.lst: No such file or directory
configure:7759: $? = 1
configure:7779: result: no
configure:7837: checking for strip
configure:7853: found /usr/bin/strip
configure:7864: result: strip
configure:7936: checking for ranlib
configure:7952: found /usr/bin/ranlib
configure:7963: result: ranlib
configure:8065: checking command to parse /usr/bin/nm output from gcc object
configure:8185: gcc -c -g -O2 -D_THREAD_SAFE -pthread -Wall -Wextra -Wpedantic -Wformat=2 -Wconversion -Wno-long-long -Wno-deprecated-declarations -fstack-protector -fPIE -D_FORTIFY_SOURCE=2  conftest.c >&5
configure:8188: $? = 0
configure:8192: /usr/bin/nm conftest.o \| sed -n -e 's/^.*[ ]\([BCDEGRST][BCDEGRST]*\)[ ][ ]*\([_A-Za-z][_A-Za-z0-9]*\)$/\1 \2 \2/p' | sed '/ __gnu_lto/d' \> conftest.nm
configure:8195: $? = 0
cannot find nm_test_var in conftest.nm
configure:8185: gcc -c -g -O2 -D_THREAD_SAFE -pthread -Wall -Wextra -Wpedantic -Wformat=2 -Wconversion -Wno-long-long -Wno-deprecated-declarations -fstack-protector -fPIE -D_FORTIFY_SOURCE=2  conftest.c >&5
configure:8188: $? = 0
configure:8192: /usr/bin/nm conftest.o \| sed -n -e 's/^.*[ ]\([BCDEGRST][BCDEGRST]*\)[ ][ ]*_\([_A-Za-z][_A-Za-z0-9]*\)$/\1 _\2 \2/p' | sed '/ __gnu_lto/d' \> conftest.nm
configure:8195: $? = 0
configure:8261: gcc -o conftest -g -O2 -D_THREAD_SAFE -pthread -Wall -Wextra -Wpedantic -Wformat=2 -Wconversion -Wno-long-long -Wno-deprecated-declarations -fstack-protector -fPIE -D_FORTIFY_SOURCE=2   -fPIE -pie conftest.c conftstm.o >&5
clang: warning: argument unused during compilation: '-pie'
configure:8264: $? = 0
configure:8302: result: ok
configure:8339: checking for sysroot
configure:8369: result: no
configure:8638: checking for mt
configure:8668: result: no
configure:8688: checking if : is a manifest tool
configure:8694: : '-?'
configure:8702: result: no
configure:8758: checking for dsymutil
configure:8774: found /usr/bin/dsymutil
configure:8785: result: dsymutil
configure:8850: checking for nmedit
configure:8866: found /usr/bin/nmedit
configure:8877: result: nmedit
configure:8942: checking for lipo
configure:8958: found /usr/bin/lipo
configure:8969: result: lipo
configure:9034: checking for otool
configure:9050: found /usr/bin/otool
configure:9061: result: otool
configure:9126: checking for otool64
configure:9156: result: no
configure:9201: checking for -single_module linker flag
gcc -g -O2 -D_THREAD_SAFE -pthread -Wall -Wextra -Wpedantic -Wformat=2 -Wconversion -Wno-long-long -Wno-deprecated-declarations -fstack-protector -fPIE -D_FORTIFY_SOURCE=2  -fPIE -pie -o libconftest.dylib -dynamiclib -Wl,-single_module conftest.c
configure:9234: result: yes
configure:9237: checking for -exported_symbols_list linker flag
configure:9257: gcc -o conftest -g -O2 -D_THREAD_SAFE -pthread -Wall -Wextra -Wpedantic -Wformat=2 -Wconversion -Wno-long-long -Wno-deprecated-declarations -fstack-protector -fPIE -D_FORTIFY_SOURCE=2   -fPIE -pie -Wl,-exported_symbols_list,conftest.sym conftest.c   >&5
clang: warning: argument unused during compilation: '-pie'
configure:9257: $? = 0
configure:9267: result: yes
configure:9270: checking for -force_load linker flag
gcc -g -O2 -D_THREAD_SAFE -pthread -Wall -Wextra -Wpedantic -Wformat=2 -Wconversion -Wno-long-long -Wno-deprecated-declarations -fstack-protector -fPIE -D_FORTIFY_SOURCE=2 -c -o conftest.o conftest.c
ar cru libconftest.a conftest.o
ranlib libconftest.a
gcc -g -O2 -D_THREAD_SAFE -pthread -Wall -Wextra -Wpedantic -Wformat=2 -Wconversion -Wno-long-long -Wno-deprecated-declarations -fstack-protector -fPIE -D_FORTIFY_SOURCE=2  -fPIE -pie -o conftest conftest.c -Wl,-force_load,./libconftest.a
configure:9302: result: yes
configure:9344: checking how to run the C preprocessor
configure:9375: gcc -E  conftest.c
configure:9375: $? = 0
configure:9389: gcc -E  conftest.c
conftest.c:18:10: fatal error: 'ac_nonexistent.h' file not found
#include <ac_nonexistent.h>
         ^
1 error generated.
configure:9389: $? = 1
configure: failed program was:
| /* confdefs.h */
| #define PACKAGE_NAME "stunnel"
| #define PACKAGE_TARNAME "stunnel"
| #define PACKAGE_VERSION "5.17"
| #define PACKAGE_STRING "stunnel 5.17"
| #define PACKAGE_BUGREPORT ""
| #define PACKAGE_URL ""
| #define PACKAGE "stunnel"
| #define VERSION "5.17"
| #define _GNU_SOURCE 1
| #define HOST "x86_64-apple-darwin14.3.0"
| #define CPU_X86_64 1
| #define VENDOR_APPLE 1
| #define OS_DARWIN14_3_0 1
| #define HAVE_PTHREAD_PRIO_INHERIT 1
| #define USE_PTHREAD 1
| /* end confdefs.h.  */
| #include <ac_nonexistent.h>
configure:9414: result: gcc -E
configure:9434: gcc -E  conftest.c
configure:9434: $? = 0
configure:9448: gcc -E  conftest.c
conftest.c:18:10: fatal error: 'ac_nonexistent.h' file not found
#include <ac_nonexistent.h>
         ^
1 error generated.
configure:9448: $? = 1
configure: failed program was:
| /* confdefs.h */
| #define PACKAGE_NAME "stunnel"
| #define PACKAGE_TARNAME "stunnel"
| #define PACKAGE_VERSION "5.17"
| #define PACKAGE_STRING "stunnel 5.17"
| #define PACKAGE_BUGREPORT ""
| #define PACKAGE_URL ""
| #define PACKAGE "stunnel"
| #define VERSION "5.17"
| #define _GNU_SOURCE 1
| #define HOST "x86_64-apple-darwin14.3.0"
| #define CPU_X86_64 1
| #define VENDOR_APPLE 1
| #define OS_DARWIN14_3_0 1
| #define HAVE_PTHREAD_PRIO_INHERIT 1
| #define USE_PTHREAD 1
| /* end confdefs.h.  */
| #include <ac_nonexistent.h>
configure:9477: checking for ANSI C header files
configure:9497: gcc -c -g -O2 -D_THREAD_SAFE -pthread -Wall -Wextra -Wpedantic -Wformat=2 -Wconversion -Wno-long-long -Wno-deprecated-declarations -fstack-protector -fPIE -D_FORTIFY_SOURCE=2  conftest.c >&5
configure:9497: $? = 0
configure:9570: gcc -o conftest -g -O2 -D_THREAD_SAFE -pthread -Wall -Wextra -Wpedantic -Wformat=2 -Wconversion -Wno-long-long -Wno-deprecated-declarations -fstack-protector -fPIE -D_FORTIFY_SOURCE=2   -fPIE -pie conftest.c   >&5
clang: warning: argument unused during compilation: '-pie'
configure:9570: $? = 0
configure:9570: ./conftest
configure:9570: $? = 0
configure:9581: result: yes
configure:9594: checking for sys/types.h
configure:9594: gcc -c -g -O2 -D_THREAD_SAFE -pthread -Wall -Wextra -Wpedantic -Wformat=2 -Wconversion -Wno-long-long -Wno-deprecated-declarations -fstack-protector -fPIE -D_FORTIFY_SOURCE=2  conftest.c >&5
configure:9594: $? = 0
configure:9594: result: yes
configure:9594: checking for sys/stat.h
configure:9594: gcc -c -g -O2 -D_THREAD_SAFE -pthread -Wall -Wextra -Wpedantic -Wformat=2 -Wconversion -Wno-long-long -Wno-deprecated-declarations -fstack-protector -fPIE -D_FORTIFY_SOURCE=2  conftest.c >&5
configure:9594: $? = 0
configure:9594: result: yes
configure:9594: checking for stdlib.h
configure:9594: gcc -c -g -O2 -D_THREAD_SAFE -pthread -Wall -Wextra -Wpedantic -Wformat=2 -Wconversion -Wno-long-long -Wno-deprecated-declarations -fstack-protector -fPIE -D_FORTIFY_SOURCE=2  conftest.c >&5
configure:9594: $? = 0
configure:9594: result: yes
configure:9594: checking for string.h
configure:9594: gcc -c -g -O2 -D_THREAD_SAFE -pthread -Wall -Wextra -Wpedantic -Wformat=2 -Wconversion -Wno-long-long -Wno-deprecated-declarations -fstack-protector -fPIE -D_FORTIFY_SOURCE=2  conftest.c >&5
configure:9594: $? = 0
configure:9594: result: yes
configure:9594: checking for memory.h
configure:9594: gcc -c -g -O2 -D_THREAD_SAFE -pthread -Wall -Wextra -Wpedantic -Wformat=2 -Wconversion -Wno-long-long -Wno-deprecated-declarations -fstack-protector -fPIE -D_FORTIFY_SOURCE=2  conftest.c >&5
configure:9594: $? = 0
configure:9594: result: yes
configure:9594: checking for strings.h
configure:9594: gcc -c -g -O2 -D_THREAD_SAFE -pthread -Wall -Wextra -Wpedantic -Wformat=2 -Wconversion -Wno-long-long -Wno-deprecated-declarations -fstack-protector -fPIE -D_FORTIFY_SOURCE=2  conftest.c >&5
configure:9594: $? = 0
configure:9594: result: yes
configure:9594: checking for inttypes.h
configure:9594: gcc -c -g -O2 -D_THREAD_SAFE -pthread -Wall -Wextra -Wpedantic -Wformat=2 -Wconversion -Wno-long-long -Wno-deprecated-declarations -fstack-protector -fPIE -D_FORTIFY_SOURCE=2  conftest.c >&5
configure:9594: $? = 0
configure:9594: result: yes
configure:9594: checking for stdint.h
configure:9594: gcc -c -g -O2 -D_THREAD_SAFE -pthread -Wall -Wextra -Wpedantic -Wformat=2 -Wconversion -Wno-long-long -Wno-deprecated-declarations -fstack-protector -fPIE -D_FORTIFY_SOURCE=2  conftest.c >&5
configure:9594: $? = 0
configure:9594: result: yes
configure:9594: checking for unistd.h
configure:9594: gcc -c -g -O2 -D_THREAD_SAFE -pthread -Wall -Wextra -Wpedantic -Wformat=2 -Wconversion -Wno-long-long -Wno-deprecated-declarations -fstack-protector -fPIE -D_FORTIFY_SOURCE=2  conftest.c >&5
configure:9594: $? = 0
configure:9594: result: yes
configure:9608: checking for dlfcn.h
configure:9608: gcc -c -g -O2 -D_THREAD_SAFE -pthread -Wall -Wextra -Wpedantic -Wformat=2 -Wconversion -Wno-long-long -Wno-deprecated-declarations -fstack-protector -fPIE -D_FORTIFY_SOURCE=2  conftest.c >&5
configure:9608: $? = 0
configure:9608: result: yes
configure:9813: checking for objdir
configure:9828: result: .libs
configure:10099: checking if gcc supports -fno-rtti -fno-exceptions
configure:10117: gcc -c -g -O2 -D_THREAD_SAFE -pthread -Wall -Wextra -Wpedantic -Wformat=2 -Wconversion -Wno-long-long -Wno-deprecated-declarations -fstack-protector -fPIE -D_FORTIFY_SOURCE=2  -fno-rtti -fno-exceptions conftest.c >&5
configure:10121: $? = 0
configure:10134: result: yes
configure:10461: checking for gcc option to produce PIC
configure:10468: result: -fno-common -DPIC
configure:10476: checking if gcc PIC flag -fno-common -DPIC works
configure:10494: gcc -c -g -O2 -D_THREAD_SAFE -pthread -Wall -Wextra -Wpedantic -Wformat=2 -Wconversion -Wno-long-long -Wno-deprecated-declarations -fstack-protector -fPIE -D_FORTIFY_SOURCE=2  -fno-common -DPIC -DPIC conftest.c >&5
configure:10498: $? = 0
configure:10511: result: yes
configure:10540: checking if gcc static flag -static works
configure:10568: result: no
configure:10583: checking if gcc supports -c -o file.o
configure:10604: gcc -c -g -O2 -D_THREAD_SAFE -pthread -Wall -Wextra -Wpedantic -Wformat=2 -Wconversion -Wno-long-long -Wno-deprecated-declarations -fstack-protector -fPIE -D_FORTIFY_SOURCE=2  -o out/conftest2.o conftest.c >&5
configure:10608: $? = 0
configure:10630: result: yes
configure:10638: checking if gcc supports -c -o file.o
configure:10685: result: yes
configure:10718: checking whether the gcc linker (/Applications/Xcode.app/Contents/Developer/Toolchains/XcodeDefault.xctoolchain/usr/bin/ld) supports shared libraries
configure:11875: result: yes
configure:12115: checking dynamic linker characteristics
configure:12849: result: darwin14.3.0 dyld
configure:12956: checking how to hardcode library paths into programs
configure:12981: result: immediate
configure:13521: checking whether stripping libraries is possible
configure:13535: result: yes
configure:13561: checking if libtool supports shared libraries
configure:13563: result: yes
configure:13566: checking whether to build shared libraries
configure:13587: result: yes
configure:13590: checking whether to build static libraries
configure:13594: result: no
configure:13633: **************************************** types
configure:13635: checking for int8_t
configure:13635: gcc -c -g -O2 -D_THREAD_SAFE -pthread -Wall -Wextra -Wpedantic -Wformat=2 -Wconversion -Wno-long-long -Wno-deprecated-declarations -fstack-protector -fPIE -D_FORTIFY_SOURCE=2  conftest.c >&5
configure:13635: $? = 0
configure:13635: gcc -c -g -O2 -D_THREAD_SAFE -pthread -Wall -Wextra -Wpedantic -Wformat=2 -Wconversion -Wno-long-long -Wno-deprecated-declarations -fstack-protector -fPIE -D_FORTIFY_SOURCE=2  conftest.c >&5
conftest.c:67:24: error: 'test_array' declared as an array with a negative size
static int test_array [1 - 2 * !((int8_t) (((((int8_t) 1 << N) << N) - 1) * 2 + 1)
                       ^~~~~~~~~~~~~~~~~~~~~~~~~~~~~~~~~~~~~~~~~~~~~~~~~~~~~~~~~~~
1 error generated.
configure:13635: $? = 1
configure: failed program was:
| /* confdefs.h */
| #define PACKAGE_NAME "stunnel"
| #define PACKAGE_TARNAME "stunnel"
| #define PACKAGE_VERSION "5.17"
| #define PACKAGE_STRING "stunnel 5.17"
| #define PACKAGE_BUGREPORT ""
| #define PACKAGE_URL ""
| #define PACKAGE "stunnel"
| #define VERSION "5.17"
| #define _GNU_SOURCE 1
| #define HOST "x86_64-apple-darwin14.3.0"
| #define CPU_X86_64 1
| #define VENDOR_APPLE 1
| #define OS_DARWIN14_3_0 1
| #define HAVE_PTHREAD_PRIO_INHERIT 1
| #define USE_PTHREAD 1
| #define STDC_HEADERS 1
| #define HAVE_SYS_TYPES_H 1
| #define HAVE_SYS_STAT_H 1
| #define HAVE_STDLIB_H 1
| #define HAVE_STRING_H 1
| #define HAVE_MEMORY_H 1
| #define HAVE_STRINGS_H 1
| #define HAVE_INTTYPES_H 1
| #define HAVE_STDINT_H 1
| #define HAVE_UNISTD_H 1
| #define HAVE_DLFCN_H 1
| #define LT_OBJDIR ".libs/"
| /* end confdefs.h.  */
| #include <stdio.h>
| #ifdef HAVE_SYS_TYPES_H
| # include <sys/types.h>
| #endif
| #ifdef HAVE_SYS_STAT_H
| # include <sys/stat.h>
| #endif
| #ifdef STDC_HEADERS
| # include <stdlib.h>
| # include <stddef.h>
| #else
| # ifdef HAVE_STDLIB_H
| #  include <stdlib.h>
| # endif
| #endif
| #ifdef HAVE_STRING_H
| # if !defined STDC_HEADERS && defined HAVE_MEMORY_H
| #  include <memory.h>
| # endif
| # include <string.h>
| #endif
| #ifdef HAVE_STRINGS_H
| # include <strings.h>
| #endif
| #ifdef HAVE_INTTYPES_H
| # include <inttypes.h>
| #endif
| #ifdef HAVE_STDINT_H
| # include <stdint.h>
| #endif
| #ifdef HAVE_UNISTD_H
| # include <unistd.h>
| #endif
| 	        enum { N = 8 / 2 - 1 };
| int
| main ()
| {
| static int test_array [1 - 2 * !((int8_t) (((((int8_t) 1 << N) << N) - 1) * 2 + 1)
| 		 < (int8_t) (((((int8_t) 1 << N) << N) - 1) * 2 + 2))];
| test_array [0] = 0;
| return test_array [0];
| 
|   ;
|   return 0;
| }
configure:13635: result: yes
configure:13646: checking for int16_t
configure:13646: gcc -c -g -O2 -D_THREAD_SAFE -pthread -Wall -Wextra -Wpedantic -Wformat=2 -Wconversion -Wno-long-long -Wno-deprecated-declarations -fstack-protector -fPIE -D_FORTIFY_SOURCE=2  conftest.c >&5
configure:13646: $? = 0
configure:13646: gcc -c -g -O2 -D_THREAD_SAFE -pthread -Wall -Wextra -Wpedantic -Wformat=2 -Wconversion -Wno-long-long -Wno-deprecated-declarations -fstack-protector -fPIE -D_FORTIFY_SOURCE=2  conftest.c >&5
conftest.c:67:24: error: 'test_array' declared as an array with a negative size
static int test_array [1 - 2 * !((int16_t) (((((int16_t) 1 << N) << N) - 1) * 2 + 1)
                       ^~~~~~~~~~~~~~~~~~~~~~~~~~~~~~~~~~~~~~~~~~~~~~~~~~~~~~~~~~~~~
1 error generated.
configure:13646: $? = 1
configure: failed program was:
| /* confdefs.h */
| #define PACKAGE_NAME "stunnel"
| #define PACKAGE_TARNAME "stunnel"
| #define PACKAGE_VERSION "5.17"
| #define PACKAGE_STRING "stunnel 5.17"
| #define PACKAGE_BUGREPORT ""
| #define PACKAGE_URL ""
| #define PACKAGE "stunnel"
| #define VERSION "5.17"
| #define _GNU_SOURCE 1
| #define HOST "x86_64-apple-darwin14.3.0"
| #define CPU_X86_64 1
| #define VENDOR_APPLE 1
| #define OS_DARWIN14_3_0 1
| #define HAVE_PTHREAD_PRIO_INHERIT 1
| #define USE_PTHREAD 1
| #define STDC_HEADERS 1
| #define HAVE_SYS_TYPES_H 1
| #define HAVE_SYS_STAT_H 1
| #define HAVE_STDLIB_H 1
| #define HAVE_STRING_H 1
| #define HAVE_MEMORY_H 1
| #define HAVE_STRINGS_H 1
| #define HAVE_INTTYPES_H 1
| #define HAVE_STDINT_H 1
| #define HAVE_UNISTD_H 1
| #define HAVE_DLFCN_H 1
| #define LT_OBJDIR ".libs/"
| /* end confdefs.h.  */
| #include <stdio.h>
| #ifdef HAVE_SYS_TYPES_H
| # include <sys/types.h>
| #endif
| #ifdef HAVE_SYS_STAT_H
| # include <sys/stat.h>
| #endif
| #ifdef STDC_HEADERS
| # include <stdlib.h>
| # include <stddef.h>
| #else
| # ifdef HAVE_STDLIB_H
| #  include <stdlib.h>
| # endif
| #endif
| #ifdef HAVE_STRING_H
| # if !defined STDC_HEADERS && defined HAVE_MEMORY_H
| #  include <memory.h>
| # endif
| # include <string.h>
| #endif
| #ifdef HAVE_STRINGS_H
| # include <strings.h>
| #endif
| #ifdef HAVE_INTTYPES_H
| # include <inttypes.h>
| #endif
| #ifdef HAVE_STDINT_H
| # include <stdint.h>
| #endif
| #ifdef HAVE_UNISTD_H
| # include <unistd.h>
| #endif
| 	        enum { N = 16 / 2 - 1 };
| int
| main ()
| {
| static int test_array [1 - 2 * !((int16_t) (((((int16_t) 1 << N) << N) - 1) * 2 + 1)
| 		 < (int16_t) (((((int16_t) 1 << N) << N) - 1) * 2 + 2))];
| test_array [0] = 0;
| return test_array [0];
| 
|   ;
|   return 0;
| }
configure:13646: result: yes
configure:13657: checking for int32_t
configure:13657: gcc -c -g -O2 -D_THREAD_SAFE -pthread -Wall -Wextra -Wpedantic -Wformat=2 -Wconversion -Wno-long-long -Wno-deprecated-declarations -fstack-protector -fPIE -D_FORTIFY_SOURCE=2  conftest.c >&5
configure:13657: $? = 0
configure:13657: gcc -c -g -O2 -D_THREAD_SAFE -pthread -Wall -Wextra -Wpedantic -Wformat=2 -Wconversion -Wno-long-long -Wno-deprecated-declarations -fstack-protector -fPIE -D_FORTIFY_SOURCE=2  conftest.c >&5
conftest.c:67:24: error: 'test_array' declared as an array with a negative size
static int test_array [1 - 2 * !((int32_t) (((((int32_t) 1 << N) << N) - 1) * 2 + 1)
                       ^~~~~~~~~~~~~~~~~~~~~~~~~~~~~~~~~~~~~~~~~~~~~~~~~~~~~~~~~~~~~
1 error generated.
configure:13657: $? = 1
configure: failed program was:
| /* confdefs.h */
| #define PACKAGE_NAME "stunnel"
| #define PACKAGE_TARNAME "stunnel"
| #define PACKAGE_VERSION "5.17"
| #define PACKAGE_STRING "stunnel 5.17"
| #define PACKAGE_BUGREPORT ""
| #define PACKAGE_URL ""
| #define PACKAGE "stunnel"
| #define VERSION "5.17"
| #define _GNU_SOURCE 1
| #define HOST "x86_64-apple-darwin14.3.0"
| #define CPU_X86_64 1
| #define VENDOR_APPLE 1
| #define OS_DARWIN14_3_0 1
| #define HAVE_PTHREAD_PRIO_INHERIT 1
| #define USE_PTHREAD 1
| #define STDC_HEADERS 1
| #define HAVE_SYS_TYPES_H 1
| #define HAVE_SYS_STAT_H 1
| #define HAVE_STDLIB_H 1
| #define HAVE_STRING_H 1
| #define HAVE_MEMORY_H 1
| #define HAVE_STRINGS_H 1
| #define HAVE_INTTYPES_H 1
| #define HAVE_STDINT_H 1
| #define HAVE_UNISTD_H 1
| #define HAVE_DLFCN_H 1
| #define LT_OBJDIR ".libs/"
| /* end confdefs.h.  */
| #include <stdio.h>
| #ifdef HAVE_SYS_TYPES_H
| # include <sys/types.h>
| #endif
| #ifdef HAVE_SYS_STAT_H
| # include <sys/stat.h>
| #endif
| #ifdef STDC_HEADERS
| # include <stdlib.h>
| # include <stddef.h>
| #else
| # ifdef HAVE_STDLIB_H
| #  include <stdlib.h>
| # endif
| #endif
| #ifdef HAVE_STRING_H
| # if !defined STDC_HEADERS && defined HAVE_MEMORY_H
| #  include <memory.h>
| # endif
| # include <string.h>
| #endif
| #ifdef HAVE_STRINGS_H
| # include <strings.h>
| #endif
| #ifdef HAVE_INTTYPES_H
| # include <inttypes.h>
| #endif
| #ifdef HAVE_STDINT_H
| # include <stdint.h>
| #endif
| #ifdef HAVE_UNISTD_H
| # include <unistd.h>
| #endif
| 	        enum { N = 32 / 2 - 1 };
| int
| main ()
| {
| static int test_array [1 - 2 * !((int32_t) (((((int32_t) 1 << N) << N) - 1) * 2 + 1)
| 		 < (int32_t) (((((int32_t) 1 << N) << N) - 1) * 2 + 2))];
| test_array [0] = 0;
| return test_array [0];
| 
|   ;
|   return 0;
| }
configure:13657: result: yes
configure:13668: checking for int64_t
configure:13668: gcc -c -g -O2 -D_THREAD_SAFE -pthread -Wall -Wextra -Wpedantic -Wformat=2 -Wconversion -Wno-long-long -Wno-deprecated-declarations -fstack-protector -fPIE -D_FORTIFY_SOURCE=2  conftest.c >&5
configure:13668: $? = 0
configure:13668: gcc -c -g -O2 -D_THREAD_SAFE -pthread -Wall -Wextra -Wpedantic -Wformat=2 -Wconversion -Wno-long-long -Wno-deprecated-declarations -fstack-protector -fPIE -D_FORTIFY_SOURCE=2  conftest.c >&5
conftest.c:67:24: error: 'test_array' declared as an array with a negative size
static int test_array [1 - 2 * !((int64_t) (((((int64_t) 1 << N) << N) - 1) * 2 + 1)
                       ^~~~~~~~~~~~~~~~~~~~~~~~~~~~~~~~~~~~~~~~~~~~~~~~~~~~~~~~~~~~~
1 error generated.
configure:13668: $? = 1
configure: failed program was:
| /* confdefs.h */
| #define PACKAGE_NAME "stunnel"
| #define PACKAGE_TARNAME "stunnel"
| #define PACKAGE_VERSION "5.17"
| #define PACKAGE_STRING "stunnel 5.17"
| #define PACKAGE_BUGREPORT ""
| #define PACKAGE_URL ""
| #define PACKAGE "stunnel"
| #define VERSION "5.17"
| #define _GNU_SOURCE 1
| #define HOST "x86_64-apple-darwin14.3.0"
| #define CPU_X86_64 1
| #define VENDOR_APPLE 1
| #define OS_DARWIN14_3_0 1
| #define HAVE_PTHREAD_PRIO_INHERIT 1
| #define USE_PTHREAD 1
| #define STDC_HEADERS 1
| #define HAVE_SYS_TYPES_H 1
| #define HAVE_SYS_STAT_H 1
| #define HAVE_STDLIB_H 1
| #define HAVE_STRING_H 1
| #define HAVE_MEMORY_H 1
| #define HAVE_STRINGS_H 1
| #define HAVE_INTTYPES_H 1
| #define HAVE_STDINT_H 1
| #define HAVE_UNISTD_H 1
| #define HAVE_DLFCN_H 1
| #define LT_OBJDIR ".libs/"
| /* end confdefs.h.  */
| #include <stdio.h>
| #ifdef HAVE_SYS_TYPES_H
| # include <sys/types.h>
| #endif
| #ifdef HAVE_SYS_STAT_H
| # include <sys/stat.h>
| #endif
| #ifdef STDC_HEADERS
| # include <stdlib.h>
| # include <stddef.h>
| #else
| # ifdef HAVE_STDLIB_H
| #  include <stdlib.h>
| # endif
| #endif
| #ifdef HAVE_STRING_H
| # if !defined STDC_HEADERS && defined HAVE_MEMORY_H
| #  include <memory.h>
| # endif
| # include <string.h>
| #endif
| #ifdef HAVE_STRINGS_H
| # include <strings.h>
| #endif
| #ifdef HAVE_INTTYPES_H
| # include <inttypes.h>
| #endif
| #ifdef HAVE_STDINT_H
| # include <stdint.h>
| #endif
| #ifdef HAVE_UNISTD_H
| # include <unistd.h>
| #endif
| 	        enum { N = 64 / 2 - 1 };
| int
| main ()
| {
| static int test_array [1 - 2 * !((int64_t) (((((int64_t) 1 << N) << N) - 1) * 2 + 1)
| 		 < (int64_t) (((((int64_t) 1 << N) << N) - 1) * 2 + 2))];
| test_array [0] = 0;
| return test_array [0];
| 
|   ;
|   return 0;
| }
configure:13668: result: yes
configure:13679: checking for uint8_t
configure:13679: gcc -c -g -O2 -D_THREAD_SAFE -pthread -Wall -Wextra -Wpedantic -Wformat=2 -Wconversion -Wno-long-long -Wno-deprecated-declarations -fstack-protector -fPIE -D_FORTIFY_SOURCE=2  conftest.c >&5
configure:13679: $? = 0
configure:13679: result: yes
configure:13693: checking for uint16_t
configure:13693: gcc -c -g -O2 -D_THREAD_SAFE -pthread -Wall -Wextra -Wpedantic -Wformat=2 -Wconversion -Wno-long-long -Wno-deprecated-declarations -fstack-protector -fPIE -D_FORTIFY_SOURCE=2  conftest.c >&5
configure:13693: $? = 0
configure:13693: result: yes
configure:13705: checking for uint32_t
configure:13705: gcc -c -g -O2 -D_THREAD_SAFE -pthread -Wall -Wextra -Wpedantic -Wformat=2 -Wconversion -Wno-long-long -Wno-deprecated-declarations -fstack-protector -fPIE -D_FORTIFY_SOURCE=2  conftest.c >&5
configure:13705: $? = 0
configure:13705: result: yes
configure:13719: checking for uint64_t
configure:13719: gcc -c -g -O2 -D_THREAD_SAFE -pthread -Wall -Wextra -Wpedantic -Wformat=2 -Wconversion -Wno-long-long -Wno-deprecated-declarations -fstack-protector -fPIE -D_FORTIFY_SOURCE=2  conftest.c >&5
configure:13719: $? = 0
configure:13719: result: yes
configure:13733: checking for size_t
configure:13733: gcc -c -g -O2 -D_THREAD_SAFE -pthread -Wall -Wextra -Wpedantic -Wformat=2 -Wconversion -Wno-long-long -Wno-deprecated-declarations -fstack-protector -fPIE -D_FORTIFY_SOURCE=2  conftest.c >&5
configure:13733: $? = 0
configure:13733: gcc -c -g -O2 -D_THREAD_SAFE -pthread -Wall -Wextra -Wpedantic -Wformat=2 -Wconversion -Wno-long-long -Wno-deprecated-declarations -fstack-protector -fPIE -D_FORTIFY_SOURCE=2  conftest.c >&5
conftest.c:66:21: error: expected expression
if (sizeof ((size_t)))
                    ^
1 error generated.
configure:13733: $? = 1
configure: failed program was:
| /* confdefs.h */
| #define PACKAGE_NAME "stunnel"
| #define PACKAGE_TARNAME "stunnel"
| #define PACKAGE_VERSION "5.17"
| #define PACKAGE_STRING "stunnel 5.17"
| #define PACKAGE_BUGREPORT ""
| #define PACKAGE_URL ""
| #define PACKAGE "stunnel"
| #define VERSION "5.17"
| #define _GNU_SOURCE 1
| #define HOST "x86_64-apple-darwin14.3.0"
| #define CPU_X86_64 1
| #define VENDOR_APPLE 1
| #define OS_DARWIN14_3_0 1
| #define HAVE_PTHREAD_PRIO_INHERIT 1
| #define USE_PTHREAD 1
| #define STDC_HEADERS 1
| #define HAVE_SYS_TYPES_H 1
| #define HAVE_SYS_STAT_H 1
| #define HAVE_STDLIB_H 1
| #define HAVE_STRING_H 1
| #define HAVE_MEMORY_H 1
| #define HAVE_STRINGS_H 1
| #define HAVE_INTTYPES_H 1
| #define HAVE_STDINT_H 1
| #define HAVE_UNISTD_H 1
| #define HAVE_DLFCN_H 1
| #define LT_OBJDIR ".libs/"
| /* end confdefs.h.  */
| #include <stdio.h>
| #ifdef HAVE_SYS_TYPES_H
| # include <sys/types.h>
| #endif
| #ifdef HAVE_SYS_STAT_H
| # include <sys/stat.h>
| #endif
| #ifdef STDC_HEADERS
| # include <stdlib.h>
| # include <stddef.h>
| #else
| # ifdef HAVE_STDLIB_H
| #  include <stdlib.h>
| # endif
| #endif
| #ifdef HAVE_STRING_H
| # if !defined STDC_HEADERS && defined HAVE_MEMORY_H
| #  include <memory.h>
| # endif
| # include <string.h>
| #endif
| #ifdef HAVE_STRINGS_H
| # include <strings.h>
| #endif
| #ifdef HAVE_INTTYPES_H
| # include <inttypes.h>
| #endif
| #ifdef HAVE_STDINT_H
| # include <stdint.h>
| #endif
| #ifdef HAVE_UNISTD_H
| # include <unistd.h>
| #endif
| int
| main ()
| {
| if (sizeof ((size_t)))
| 	    return 0;
|   ;
|   return 0;
| }
configure:13733: result: yes
configure:13744: checking for ssize_t
configure:13744: gcc -c -g -O2 -D_THREAD_SAFE -pthread -Wall -Wextra -Wpedantic -Wformat=2 -Wconversion -Wno-long-long -Wno-deprecated-declarations -fstack-protector -fPIE -D_FORTIFY_SOURCE=2  conftest.c >&5
configure:13744: $? = 0
configure:13744: gcc -c -g -O2 -D_THREAD_SAFE -pthread -Wall -Wextra -Wpedantic -Wformat=2 -Wconversion -Wno-long-long -Wno-deprecated-declarations -fstack-protector -fPIE -D_FORTIFY_SOURCE=2  conftest.c >&5
conftest.c:66:22: error: expected expression
if (sizeof ((ssize_t)))
                     ^
1 error generated.
configure:13744: $? = 1
configure: failed program was:
| /* confdefs.h */
| #define PACKAGE_NAME "stunnel"
| #define PACKAGE_TARNAME "stunnel"
| #define PACKAGE_VERSION "5.17"
| #define PACKAGE_STRING "stunnel 5.17"
| #define PACKAGE_BUGREPORT ""
| #define PACKAGE_URL ""
| #define PACKAGE "stunnel"
| #define VERSION "5.17"
| #define _GNU_SOURCE 1
| #define HOST "x86_64-apple-darwin14.3.0"
| #define CPU_X86_64 1
| #define VENDOR_APPLE 1
| #define OS_DARWIN14_3_0 1
| #define HAVE_PTHREAD_PRIO_INHERIT 1
| #define USE_PTHREAD 1
| #define STDC_HEADERS 1
| #define HAVE_SYS_TYPES_H 1
| #define HAVE_SYS_STAT_H 1
| #define HAVE_STDLIB_H 1
| #define HAVE_STRING_H 1
| #define HAVE_MEMORY_H 1
| #define HAVE_STRINGS_H 1
| #define HAVE_INTTYPES_H 1
| #define HAVE_STDINT_H 1
| #define HAVE_UNISTD_H 1
| #define HAVE_DLFCN_H 1
| #define LT_OBJDIR ".libs/"
| /* end confdefs.h.  */
| #include <stdio.h>
| #ifdef HAVE_SYS_TYPES_H
| # include <sys/types.h>
| #endif
| #ifdef HAVE_SYS_STAT_H
| # include <sys/stat.h>
| #endif
| #ifdef STDC_HEADERS
| # include <stdlib.h>
| # include <stddef.h>
| #else
| # ifdef HAVE_STDLIB_H
| #  include <stdlib.h>
| # endif
| #endif
| #ifdef HAVE_STRING_H
| # if !defined STDC_HEADERS && defined HAVE_MEMORY_H
| #  include <memory.h>
| # endif
| # include <string.h>
| #endif
| #ifdef HAVE_STRINGS_H
| # include <strings.h>
| #endif
| #ifdef HAVE_INTTYPES_H
| # include <inttypes.h>
| #endif
| #ifdef HAVE_STDINT_H
| # include <stdint.h>
| #endif
| #ifdef HAVE_UNISTD_H
| # include <unistd.h>
| #endif
| int
| main ()
| {
| if (sizeof ((ssize_t)))
| 	    return 0;
|   ;
|   return 0;
| }
configure:13744: result: yes
configure:13755: checking for uid_t in sys/types.h
configure:13774: result: yes
configure:13785: checking for socklen_t
configure:13794: result: yes
configure:13805: checking for struct sockaddr_un
configure:13805: gcc -c -g -O2 -D_THREAD_SAFE -pthread -Wall -Wextra -Wpedantic -Wformat=2 -Wconversion -Wno-long-long -Wno-deprecated-declarations -fstack-protector -fPIE -D_FORTIFY_SOURCE=2  conftest.c >&5
configure:13805: $? = 0
configure:13805: gcc -c -g -O2 -D_THREAD_SAFE -pthread -Wall -Wextra -Wpedantic -Wformat=2 -Wconversion -Wno-long-long -Wno-deprecated-declarations -fstack-protector -fPIE -D_FORTIFY_SOURCE=2  conftest.c >&5
conftest.c:35:33: error: expected expression
if (sizeof ((struct sockaddr_un)))
                                ^
1 error generated.
configure:13805: $? = 1
configure: failed program was:
| /* confdefs.h */
| #define PACKAGE_NAME "stunnel"
| #define PACKAGE_TARNAME "stunnel"
| #define PACKAGE_VERSION "5.17"
| #define PACKAGE_STRING "stunnel 5.17"
| #define PACKAGE_BUGREPORT ""
| #define PACKAGE_URL ""
| #define PACKAGE "stunnel"
| #define VERSION "5.17"
| #define _GNU_SOURCE 1
| #define HOST "x86_64-apple-darwin14.3.0"
| #define CPU_X86_64 1
| #define VENDOR_APPLE 1
| #define OS_DARWIN14_3_0 1
| #define HAVE_PTHREAD_PRIO_INHERIT 1
| #define USE_PTHREAD 1
| #define STDC_HEADERS 1
| #define HAVE_SYS_TYPES_H 1
| #define HAVE_SYS_STAT_H 1
| #define HAVE_STDLIB_H 1
| #define HAVE_STRING_H 1
| #define HAVE_MEMORY_H 1
| #define HAVE_STRINGS_H 1
| #define HAVE_INTTYPES_H 1
| #define HAVE_STDINT_H 1
| #define HAVE_UNISTD_H 1
| #define HAVE_DLFCN_H 1
| #define LT_OBJDIR ".libs/"
| /* end confdefs.h.  */
| #include <sys/un.h>
| 
| int
| main ()
| {
| if (sizeof ((struct sockaddr_un)))
| 	    return 0;
|   ;
|   return 0;
| }
configure:13805: result: yes
configure:13816: checking for struct addrinfo
configure:13816: gcc -c -g -O2 -D_THREAD_SAFE -pthread -Wall -Wextra -Wpedantic -Wformat=2 -Wconversion -Wno-long-long -Wno-deprecated-declarations -fstack-protector -fPIE -D_FORTIFY_SOURCE=2  conftest.c >&5
configure:13816: $? = 0
configure:13816: gcc -c -g -O2 -D_THREAD_SAFE -pthread -Wall -Wextra -Wpedantic -Wformat=2 -Wconversion -Wno-long-long -Wno-deprecated-declarations -fstack-protector -fPIE -D_FORTIFY_SOURCE=2  conftest.c >&5
conftest.c:36:30: error: expected expression
if (sizeof ((struct addrinfo)))
                             ^
1 error generated.
configure:13816: $? = 1
configure: failed program was:
| /* confdefs.h */
| #define PACKAGE_NAME "stunnel"
| #define PACKAGE_TARNAME "stunnel"
| #define PACKAGE_VERSION "5.17"
| #define PACKAGE_STRING "stunnel 5.17"
| #define PACKAGE_BUGREPORT ""
| #define PACKAGE_URL ""
| #define PACKAGE "stunnel"
| #define VERSION "5.17"
| #define _GNU_SOURCE 1
| #define HOST "x86_64-apple-darwin14.3.0"
| #define CPU_X86_64 1
| #define VENDOR_APPLE 1
| #define OS_DARWIN14_3_0 1
| #define HAVE_PTHREAD_PRIO_INHERIT 1
| #define USE_PTHREAD 1
| #define STDC_HEADERS 1
| #define HAVE_SYS_TYPES_H 1
| #define HAVE_SYS_STAT_H 1
| #define HAVE_STDLIB_H 1
| #define HAVE_STRING_H 1
| #define HAVE_MEMORY_H 1
| #define HAVE_STRINGS_H 1
| #define HAVE_INTTYPES_H 1
| #define HAVE_STDINT_H 1
| #define HAVE_UNISTD_H 1
| #define HAVE_DLFCN_H 1
| #define LT_OBJDIR ".libs/"
| #define HAVE_STRUCT_SOCKADDR_UN 1
| /* end confdefs.h.  */
| #include <netdb.h>
| 
| int
| main ()
| {
| if (sizeof ((struct addrinfo)))
| 	    return 0;
|   ;
|   return 0;
| }
configure:13816: result: yes
configure:13828: **************************************** PTY device files
configure:13832: checking for "/dev/ptmx"
configure:13846: result: yes
configure:13855: checking for "/dev/ptc"
configure:13869: result: no
configure:13882: **************************************** entropy sources
configure:13910: checking for "/dev/urandom"
configure:13924: result: yes
configure:13947: **************************************** default group
configure:13956: checking for default group
configure:13958: result: nogroup
configure:13962: **************************************** header files
configure:13970: checking for stdint.h
configure:13970: result: yes
configure:13970: checking for inttypes.h
configure:13970: result: yes
configure:13970: checking malloc.h usability
configure:13970: gcc -c -g -O2 -D_THREAD_SAFE -pthread -Wall -Wextra -Wpedantic -Wformat=2 -Wconversion -Wno-long-long -Wno-deprecated-declarations -fstack-protector -fPIE -D_FORTIFY_SOURCE=2  conftest.c >&5
conftest.c:69:10: fatal error: 'malloc.h' file not found
#include <malloc.h>
         ^
1 error generated.
configure:13970: $? = 1
configure: failed program was:
| /* confdefs.h */
| #define PACKAGE_NAME "stunnel"
| #define PACKAGE_TARNAME "stunnel"
| #define PACKAGE_VERSION "5.17"
| #define PACKAGE_STRING "stunnel 5.17"
| #define PACKAGE_BUGREPORT ""
| #define PACKAGE_URL ""
| #define PACKAGE "stunnel"
| #define VERSION "5.17"
| #define _GNU_SOURCE 1
| #define HOST "x86_64-apple-darwin14.3.0"
| #define CPU_X86_64 1
| #define VENDOR_APPLE 1
| #define OS_DARWIN14_3_0 1
| #define HAVE_PTHREAD_PRIO_INHERIT 1
| #define USE_PTHREAD 1
| #define STDC_HEADERS 1
| #define HAVE_SYS_TYPES_H 1
| #define HAVE_SYS_STAT_H 1
| #define HAVE_STDLIB_H 1
| #define HAVE_STRING_H 1
| #define HAVE_MEMORY_H 1
| #define HAVE_STRINGS_H 1
| #define HAVE_INTTYPES_H 1
| #define HAVE_STDINT_H 1
| #define HAVE_UNISTD_H 1
| #define HAVE_DLFCN_H 1
| #define LT_OBJDIR ".libs/"
| #define HAVE_STRUCT_SOCKADDR_UN 1
| #define HAVE_STRUCT_ADDRINFO 1
| #define HAVE_DEV_PTMX 1
| #define RANDOM_FILE "/dev/urandom"
| #define HAVE_STDINT_H 1
| #define HAVE_INTTYPES_H 1
| /* end confdefs.h.  */
| #include <stdio.h>
| #ifdef HAVE_SYS_TYPES_H
| # include <sys/types.h>
| #endif
| #ifdef HAVE_SYS_STAT_H
| # include <sys/stat.h>
| #endif
| #ifdef STDC_HEADERS
| # include <stdlib.h>
| # include <stddef.h>
| #else
| # ifdef HAVE_STDLIB_H
| #  include <stdlib.h>
| # endif
| #endif
| #ifdef HAVE_STRING_H
| # if !defined STDC_HEADERS && defined HAVE_MEMORY_H
| #  include <memory.h>
| # endif
| # include <string.h>
| #endif
| #ifdef HAVE_STRINGS_H
| # include <strings.h>
| #endif
| #ifdef HAVE_INTTYPES_H
| # include <inttypes.h>
| #endif
| #ifdef HAVE_STDINT_H
| # include <stdint.h>
| #endif
| #ifdef HAVE_UNISTD_H
| # include <unistd.h>
| #endif
| #include <malloc.h>
configure:13970: result: no
configure:13970: checking malloc.h presence
configure:13970: gcc -E  conftest.c
conftest.c:36:10: fatal error: 'malloc.h' file not found
#include <malloc.h>
         ^
1 error generated.
configure:13970: $? = 1
configure: failed program was:
| /* confdefs.h */
| #define PACKAGE_NAME "stunnel"
| #define PACKAGE_TARNAME "stunnel"
| #define PACKAGE_VERSION "5.17"
| #define PACKAGE_STRING "stunnel 5.17"
| #define PACKAGE_BUGREPORT ""
| #define PACKAGE_URL ""
| #define PACKAGE "stunnel"
| #define VERSION "5.17"
| #define _GNU_SOURCE 1
| #define HOST "x86_64-apple-darwin14.3.0"
| #define CPU_X86_64 1
| #define VENDOR_APPLE 1
| #define OS_DARWIN14_3_0 1
| #define HAVE_PTHREAD_PRIO_INHERIT 1
| #define USE_PTHREAD 1
| #define STDC_HEADERS 1
| #define HAVE_SYS_TYPES_H 1
| #define HAVE_SYS_STAT_H 1
| #define HAVE_STDLIB_H 1
| #define HAVE_STRING_H 1
| #define HAVE_MEMORY_H 1
| #define HAVE_STRINGS_H 1
| #define HAVE_INTTYPES_H 1
| #define HAVE_STDINT_H 1
| #define HAVE_UNISTD_H 1
| #define HAVE_DLFCN_H 1
| #define LT_OBJDIR ".libs/"
| #define HAVE_STRUCT_SOCKADDR_UN 1
| #define HAVE_STRUCT_ADDRINFO 1
| #define HAVE_DEV_PTMX 1
| #define RANDOM_FILE "/dev/urandom"
| #define HAVE_STDINT_H 1
| #define HAVE_INTTYPES_H 1
| /* end confdefs.h.  */
| #include <malloc.h>
configure:13970: result: no
configure:13970: checking for malloc.h
configure:13970: result: no
configure:13970: checking ucontext.h usability
configure:13970: gcc -c -g -O2 -D_THREAD_SAFE -pthread -Wall -Wextra -Wpedantic -Wformat=2 -Wconversion -Wno-long-long -Wno-deprecated-declarations -fstack-protector -fPIE -D_FORTIFY_SOURCE=2  conftest.c >&5
In file included from conftest.c:69:
/usr/include/ucontext.h:43:2: error: The deprecated ucontext routines require _XOPEN_SOURCE to be defined
#error The deprecated ucontext routines require _XOPEN_SOURCE to be defined
 ^
1 error generated.
configure:13970: $? = 1
configure: failed program was:
| /* confdefs.h */
| #define PACKAGE_NAME "stunnel"
| #define PACKAGE_TARNAME "stunnel"
| #define PACKAGE_VERSION "5.17"
| #define PACKAGE_STRING "stunnel 5.17"
| #define PACKAGE_BUGREPORT ""
| #define PACKAGE_URL ""
| #define PACKAGE "stunnel"
| #define VERSION "5.17"
| #define _GNU_SOURCE 1
| #define HOST "x86_64-apple-darwin14.3.0"
| #define CPU_X86_64 1
| #define VENDOR_APPLE 1
| #define OS_DARWIN14_3_0 1
| #define HAVE_PTHREAD_PRIO_INHERIT 1
| #define USE_PTHREAD 1
| #define STDC_HEADERS 1
| #define HAVE_SYS_TYPES_H 1
| #define HAVE_SYS_STAT_H 1
| #define HAVE_STDLIB_H 1
| #define HAVE_STRING_H 1
| #define HAVE_MEMORY_H 1
| #define HAVE_STRINGS_H 1
| #define HAVE_INTTYPES_H 1
| #define HAVE_STDINT_H 1
| #define HAVE_UNISTD_H 1
| #define HAVE_DLFCN_H 1
| #define LT_OBJDIR ".libs/"
| #define HAVE_STRUCT_SOCKADDR_UN 1
| #define HAVE_STRUCT_ADDRINFO 1
| #define HAVE_DEV_PTMX 1
| #define RANDOM_FILE "/dev/urandom"
| #define HAVE_STDINT_H 1
| #define HAVE_INTTYPES_H 1
| /* end confdefs.h.  */
| #include <stdio.h>
| #ifdef HAVE_SYS_TYPES_H
| # include <sys/types.h>
| #endif
| #ifdef HAVE_SYS_STAT_H
| # include <sys/stat.h>
| #endif
| #ifdef STDC_HEADERS
| # include <stdlib.h>
| # include <stddef.h>
| #else
| # ifdef HAVE_STDLIB_H
| #  include <stdlib.h>
| # endif
| #endif
| #ifdef HAVE_STRING_H
| # if !defined STDC_HEADERS && defined HAVE_MEMORY_H
| #  include <memory.h>
| # endif
| # include <string.h>
| #endif
| #ifdef HAVE_STRINGS_H
| # include <strings.h>
| #endif
| #ifdef HAVE_INTTYPES_H
| # include <inttypes.h>
| #endif
| #ifdef HAVE_STDINT_H
| # include <stdint.h>
| #endif
| #ifdef HAVE_UNISTD_H
| # include <unistd.h>
| #endif
| #include <ucontext.h>
configure:13970: result: no
configure:13970: checking ucontext.h presence
configure:13970: gcc -E  conftest.c
In file included from conftest.c:36:
/usr/include/ucontext.h:43:2: error: The deprecated ucontext routines require _XOPEN_SOURCE to be defined
#error The deprecated ucontext routines require _XOPEN_SOURCE to be defined
 ^
1 error generated.
configure:13970: $? = 1
configure: failed program was:
| /* confdefs.h */
| #define PACKAGE_NAME "stunnel"
| #define PACKAGE_TARNAME "stunnel"
| #define PACKAGE_VERSION "5.17"
| #define PACKAGE_STRING "stunnel 5.17"
| #define PACKAGE_BUGREPORT ""
| #define PACKAGE_URL ""
| #define PACKAGE "stunnel"
| #define VERSION "5.17"
| #define _GNU_SOURCE 1
| #define HOST "x86_64-apple-darwin14.3.0"
| #define CPU_X86_64 1
| #define VENDOR_APPLE 1
| #define OS_DARWIN14_3_0 1
| #define HAVE_PTHREAD_PRIO_INHERIT 1
| #define USE_PTHREAD 1
| #define STDC_HEADERS 1
| #define HAVE_SYS_TYPES_H 1
| #define HAVE_SYS_STAT_H 1
| #define HAVE_STDLIB_H 1
| #define HAVE_STRING_H 1
| #define HAVE_MEMORY_H 1
| #define HAVE_STRINGS_H 1
| #define HAVE_INTTYPES_H 1
| #define HAVE_STDINT_H 1
| #define HAVE_UNISTD_H 1
| #define HAVE_DLFCN_H 1
| #define LT_OBJDIR ".libs/"
| #define HAVE_STRUCT_SOCKADDR_UN 1
| #define HAVE_STRUCT_ADDRINFO 1
| #define HAVE_DEV_PTMX 1
| #define RANDOM_FILE "/dev/urandom"
| #define HAVE_STDINT_H 1
| #define HAVE_INTTYPES_H 1
| /* end confdefs.h.  */
| #include <ucontext.h>
configure:13970: result: no
configure:13970: checking for ucontext.h
configure:13970: result: no
configure:13970: checking pthread.h usability
configure:13970: gcc -c -g -O2 -D_THREAD_SAFE -pthread -Wall -Wextra -Wpedantic -Wformat=2 -Wconversion -Wno-long-long -Wno-deprecated-declarations -fstack-protector -fPIE -D_FORTIFY_SOURCE=2  conftest.c >&5
configure:13970: $? = 0
configure:13970: result: yes
configure:13970: checking pthread.h presence
configure:13970: gcc -E  conftest.c
configure:13970: $? = 0
configure:13970: result: yes
configure:13970: checking for pthread.h
configure:13970: result: yes
configure:13970: checking poll.h usability
configure:13970: gcc -c -g -O2 -D_THREAD_SAFE -pthread -Wall -Wextra -Wpedantic -Wformat=2 -Wconversion -Wno-long-long -Wno-deprecated-declarations -fstack-protector -fPIE -D_FORTIFY_SOURCE=2  conftest.c >&5
configure:13970: $? = 0
configure:13970: result: yes
configure:13970: checking poll.h presence
configure:13970: gcc -E  conftest.c
configure:13970: $? = 0
configure:13970: result: yes
configure:13970: checking for poll.h
configure:13970: result: yes
configure:13970: checking tcpd.h usability
configure:13970: gcc -c -g -O2 -D_THREAD_SAFE -pthread -Wall -Wextra -Wpedantic -Wformat=2 -Wconversion -Wno-long-long -Wno-deprecated-declarations -fstack-protector -fPIE -D_FORTIFY_SOURCE=2  conftest.c >&5
conftest.c:71:10: fatal error: 'tcpd.h' file not found
#include <tcpd.h>
         ^
1 error generated.
configure:13970: $? = 1
configure: failed program was:
| /* confdefs.h */
| #define PACKAGE_NAME "stunnel"
| #define PACKAGE_TARNAME "stunnel"
| #define PACKAGE_VERSION "5.17"
| #define PACKAGE_STRING "stunnel 5.17"
| #define PACKAGE_BUGREPORT ""
| #define PACKAGE_URL ""
| #define PACKAGE "stunnel"
| #define VERSION "5.17"
| #define _GNU_SOURCE 1
| #define HOST "x86_64-apple-darwin14.3.0"
| #define CPU_X86_64 1
| #define VENDOR_APPLE 1
| #define OS_DARWIN14_3_0 1
| #define HAVE_PTHREAD_PRIO_INHERIT 1
| #define USE_PTHREAD 1
| #define STDC_HEADERS 1
| #define HAVE_SYS_TYPES_H 1
| #define HAVE_SYS_STAT_H 1
| #define HAVE_STDLIB_H 1
| #define HAVE_STRING_H 1
| #define HAVE_MEMORY_H 1
| #define HAVE_STRINGS_H 1
| #define HAVE_INTTYPES_H 1
| #define HAVE_STDINT_H 1
| #define HAVE_UNISTD_H 1
| #define HAVE_DLFCN_H 1
| #define LT_OBJDIR ".libs/"
| #define HAVE_STRUCT_SOCKADDR_UN 1
| #define HAVE_STRUCT_ADDRINFO 1
| #define HAVE_DEV_PTMX 1
| #define RANDOM_FILE "/dev/urandom"
| #define HAVE_STDINT_H 1
| #define HAVE_INTTYPES_H 1
| #define HAVE_PTHREAD_H 1
| #define HAVE_POLL_H 1
| /* end confdefs.h.  */
| #include <stdio.h>
| #ifdef HAVE_SYS_TYPES_H
| # include <sys/types.h>
| #endif
| #ifdef HAVE_SYS_STAT_H
| # include <sys/stat.h>
| #endif
| #ifdef STDC_HEADERS
| # include <stdlib.h>
| # include <stddef.h>
| #else
| # ifdef HAVE_STDLIB_H
| #  include <stdlib.h>
| # endif
| #endif
| #ifdef HAVE_STRING_H
| # if !defined STDC_HEADERS && defined HAVE_MEMORY_H
| #  include <memory.h>
| # endif
| # include <string.h>
| #endif
| #ifdef HAVE_STRINGS_H
| # include <strings.h>
| #endif
| #ifdef HAVE_INTTYPES_H
| # include <inttypes.h>
| #endif
| #ifdef HAVE_STDINT_H
| # include <stdint.h>
| #endif
| #ifdef HAVE_UNISTD_H
| # include <unistd.h>
| #endif
| #include <tcpd.h>
configure:13970: result: no
configure:13970: checking tcpd.h presence
configure:13970: gcc -E  conftest.c
conftest.c:38:10: fatal error: 'tcpd.h' file not found
#include <tcpd.h>
         ^
1 error generated.
configure:13970: $? = 1
configure: failed program was:
| /* confdefs.h */
| #define PACKAGE_NAME "stunnel"
| #define PACKAGE_TARNAME "stunnel"
| #define PACKAGE_VERSION "5.17"
| #define PACKAGE_STRING "stunnel 5.17"
| #define PACKAGE_BUGREPORT ""
| #define PACKAGE_URL ""
| #define PACKAGE "stunnel"
| #define VERSION "5.17"
| #define _GNU_SOURCE 1
| #define HOST "x86_64-apple-darwin14.3.0"
| #define CPU_X86_64 1
| #define VENDOR_APPLE 1
| #define OS_DARWIN14_3_0 1
| #define HAVE_PTHREAD_PRIO_INHERIT 1
| #define USE_PTHREAD 1
| #define STDC_HEADERS 1
| #define HAVE_SYS_TYPES_H 1
| #define HAVE_SYS_STAT_H 1
| #define HAVE_STDLIB_H 1
| #define HAVE_STRING_H 1
| #define HAVE_MEMORY_H 1
| #define HAVE_STRINGS_H 1
| #define HAVE_INTTYPES_H 1
| #define HAVE_STDINT_H 1
| #define HAVE_UNISTD_H 1
| #define HAVE_DLFCN_H 1
| #define LT_OBJDIR ".libs/"
| #define HAVE_STRUCT_SOCKADDR_UN 1
| #define HAVE_STRUCT_ADDRINFO 1
| #define HAVE_DEV_PTMX 1
| #define RANDOM_FILE "/dev/urandom"
| #define HAVE_STDINT_H 1
| #define HAVE_INTTYPES_H 1
| #define HAVE_PTHREAD_H 1
| #define HAVE_POLL_H 1
| /* end confdefs.h.  */
| #include <tcpd.h>
configure:13970: result: no
configure:13970: checking for tcpd.h
configure:13970: result: no
configure:13970: checking stropts.h usability
configure:13970: gcc -c -g -O2 -D_THREAD_SAFE -pthread -Wall -Wextra -Wpedantic -Wformat=2 -Wconversion -Wno-long-long -Wno-deprecated-declarations -fstack-protector -fPIE -D_FORTIFY_SOURCE=2  conftest.c >&5
conftest.c:71:10: fatal error: 'stropts.h' file not found
#include <stropts.h>
         ^
1 error generated.
configure:13970: $? = 1
configure: failed program was:
| /* confdefs.h */
| #define PACKAGE_NAME "stunnel"
| #define PACKAGE_TARNAME "stunnel"
| #define PACKAGE_VERSION "5.17"
| #define PACKAGE_STRING "stunnel 5.17"
| #define PACKAGE_BUGREPORT ""
| #define PACKAGE_URL ""
| #define PACKAGE "stunnel"
| #define VERSION "5.17"
| #define _GNU_SOURCE 1
| #define HOST "x86_64-apple-darwin14.3.0"
| #define CPU_X86_64 1
| #define VENDOR_APPLE 1
| #define OS_DARWIN14_3_0 1
| #define HAVE_PTHREAD_PRIO_INHERIT 1
| #define USE_PTHREAD 1
| #define STDC_HEADERS 1
| #define HAVE_SYS_TYPES_H 1
| #define HAVE_SYS_STAT_H 1
| #define HAVE_STDLIB_H 1
| #define HAVE_STRING_H 1
| #define HAVE_MEMORY_H 1
| #define HAVE_STRINGS_H 1
| #define HAVE_INTTYPES_H 1
| #define HAVE_STDINT_H 1
| #define HAVE_UNISTD_H 1
| #define HAVE_DLFCN_H 1
| #define LT_OBJDIR ".libs/"
| #define HAVE_STRUCT_SOCKADDR_UN 1
| #define HAVE_STRUCT_ADDRINFO 1
| #define HAVE_DEV_PTMX 1
| #define RANDOM_FILE "/dev/urandom"
| #define HAVE_STDINT_H 1
| #define HAVE_INTTYPES_H 1
| #define HAVE_PTHREAD_H 1
| #define HAVE_POLL_H 1
| /* end confdefs.h.  */
| #include <stdio.h>
| #ifdef HAVE_SYS_TYPES_H
| # include <sys/types.h>
| #endif
| #ifdef HAVE_SYS_STAT_H
| # include <sys/stat.h>
| #endif
| #ifdef STDC_HEADERS
| # include <stdlib.h>
| # include <stddef.h>
| #else
| # ifdef HAVE_STDLIB_H
| #  include <stdlib.h>
| # endif
| #endif
| #ifdef HAVE_STRING_H
| # if !defined STDC_HEADERS && defined HAVE_MEMORY_H
| #  include <memory.h>
| # endif
| # include <string.h>
| #endif
| #ifdef HAVE_STRINGS_H
| # include <strings.h>
| #endif
| #ifdef HAVE_INTTYPES_H
| # include <inttypes.h>
| #endif
| #ifdef HAVE_STDINT_H
| # include <stdint.h>
| #endif
| #ifdef HAVE_UNISTD_H
| # include <unistd.h>
| #endif
| #include <stropts.h>
configure:13970: result: no
configure:13970: checking stropts.h presence
configure:13970: gcc -E  conftest.c
conftest.c:38:10: fatal error: 'stropts.h' file not found
#include <stropts.h>
         ^
1 error generated.
configure:13970: $? = 1
configure: failed program was:
| /* confdefs.h */
| #define PACKAGE_NAME "stunnel"
| #define PACKAGE_TARNAME "stunnel"
| #define PACKAGE_VERSION "5.17"
| #define PACKAGE_STRING "stunnel 5.17"
| #define PACKAGE_BUGREPORT ""
| #define PACKAGE_URL ""
| #define PACKAGE "stunnel"
| #define VERSION "5.17"
| #define _GNU_SOURCE 1
| #define HOST "x86_64-apple-darwin14.3.0"
| #define CPU_X86_64 1
| #define VENDOR_APPLE 1
| #define OS_DARWIN14_3_0 1
| #define HAVE_PTHREAD_PRIO_INHERIT 1
| #define USE_PTHREAD 1
| #define STDC_HEADERS 1
| #define HAVE_SYS_TYPES_H 1
| #define HAVE_SYS_STAT_H 1
| #define HAVE_STDLIB_H 1
| #define HAVE_STRING_H 1
| #define HAVE_MEMORY_H 1
| #define HAVE_STRINGS_H 1
| #define HAVE_INTTYPES_H 1
| #define HAVE_STDINT_H 1
| #define HAVE_UNISTD_H 1
| #define HAVE_DLFCN_H 1
| #define LT_OBJDIR ".libs/"
| #define HAVE_STRUCT_SOCKADDR_UN 1
| #define HAVE_STRUCT_ADDRINFO 1
| #define HAVE_DEV_PTMX 1
| #define RANDOM_FILE "/dev/urandom"
| #define HAVE_STDINT_H 1
| #define HAVE_INTTYPES_H 1
| #define HAVE_PTHREAD_H 1
| #define HAVE_POLL_H 1
| /* end confdefs.h.  */
| #include <stropts.h>
configure:13970: result: no
configure:13970: checking for stropts.h
configure:13970: result: no
configure:13970: checking grp.h usability
configure:13970: gcc -c -g -O2 -D_THREAD_SAFE -pthread -Wall -Wextra -Wpedantic -Wformat=2 -Wconversion -Wno-long-long -Wno-deprecated-declarations -fstack-protector -fPIE -D_FORTIFY_SOURCE=2  conftest.c >&5
configure:13970: $? = 0
configure:13970: result: yes
configure:13970: checking grp.h presence
configure:13970: gcc -E  conftest.c
configure:13970: $? = 0
configure:13970: result: yes
configure:13970: checking for grp.h
configure:13970: result: yes
configure:13970: checking for unistd.h
configure:13970: result: yes
configure:13970: checking util.h usability
configure:13970: gcc -c -g -O2 -D_THREAD_SAFE -pthread -Wall -Wextra -Wpedantic -Wformat=2 -Wconversion -Wno-long-long -Wno-deprecated-declarations -fstack-protector -fPIE -D_FORTIFY_SOURCE=2  conftest.c >&5
configure:13970: $? = 0
configure:13970: result: yes
configure:13970: checking util.h presence
configure:13970: gcc -E  conftest.c
configure:13970: $? = 0
configure:13970: result: yes
configure:13970: checking for util.h
configure:13970: result: yes
configure:13970: checking libutil.h usability
configure:13970: gcc -c -g -O2 -D_THREAD_SAFE -pthread -Wall -Wextra -Wpedantic -Wformat=2 -Wconversion -Wno-long-long -Wno-deprecated-declarations -fstack-protector -fPIE -D_FORTIFY_SOURCE=2  conftest.c >&5
conftest.c:74:10: fatal error: 'libutil.h' file not found
#include <libutil.h>
         ^
1 error generated.
configure:13970: $? = 1
configure: failed program was:
| /* confdefs.h */
| #define PACKAGE_NAME "stunnel"
| #define PACKAGE_TARNAME "stunnel"
| #define PACKAGE_VERSION "5.17"
| #define PACKAGE_STRING "stunnel 5.17"
| #define PACKAGE_BUGREPORT ""
| #define PACKAGE_URL ""
| #define PACKAGE "stunnel"
| #define VERSION "5.17"
| #define _GNU_SOURCE 1
| #define HOST "x86_64-apple-darwin14.3.0"
| #define CPU_X86_64 1
| #define VENDOR_APPLE 1
| #define OS_DARWIN14_3_0 1
| #define HAVE_PTHREAD_PRIO_INHERIT 1
| #define USE_PTHREAD 1
| #define STDC_HEADERS 1
| #define HAVE_SYS_TYPES_H 1
| #define HAVE_SYS_STAT_H 1
| #define HAVE_STDLIB_H 1
| #define HAVE_STRING_H 1
| #define HAVE_MEMORY_H 1
| #define HAVE_STRINGS_H 1
| #define HAVE_INTTYPES_H 1
| #define HAVE_STDINT_H 1
| #define HAVE_UNISTD_H 1
| #define HAVE_DLFCN_H 1
| #define LT_OBJDIR ".libs/"
| #define HAVE_STRUCT_SOCKADDR_UN 1
| #define HAVE_STRUCT_ADDRINFO 1
| #define HAVE_DEV_PTMX 1
| #define RANDOM_FILE "/dev/urandom"
| #define HAVE_STDINT_H 1
| #define HAVE_INTTYPES_H 1
| #define HAVE_PTHREAD_H 1
| #define HAVE_POLL_H 1
| #define HAVE_GRP_H 1
| #define HAVE_UNISTD_H 1
| #define HAVE_UTIL_H 1
| /* end confdefs.h.  */
| #include <stdio.h>
| #ifdef HAVE_SYS_TYPES_H
| # include <sys/types.h>
| #endif
| #ifdef HAVE_SYS_STAT_H
| # include <sys/stat.h>
| #endif
| #ifdef STDC_HEADERS
| # include <stdlib.h>
| # include <stddef.h>
| #else
| # ifdef HAVE_STDLIB_H
| #  include <stdlib.h>
| # endif
| #endif
| #ifdef HAVE_STRING_H
| # if !defined STDC_HEADERS && defined HAVE_MEMORY_H
| #  include <memory.h>
| # endif
| # include <string.h>
| #endif
| #ifdef HAVE_STRINGS_H
| # include <strings.h>
| #endif
| #ifdef HAVE_INTTYPES_H
| # include <inttypes.h>
| #endif
| #ifdef HAVE_STDINT_H
| # include <stdint.h>
| #endif
| #ifdef HAVE_UNISTD_H
| # include <unistd.h>
| #endif
| #include <libutil.h>
configure:13970: result: no
configure:13970: checking libutil.h presence
configure:13970: gcc -E  conftest.c
conftest.c:41:10: fatal error: 'libutil.h' file not found
#include <libutil.h>
         ^
1 error generated.
configure:13970: $? = 1
configure: failed program was:
| /* confdefs.h */
| #define PACKAGE_NAME "stunnel"
| #define PACKAGE_TARNAME "stunnel"
| #define PACKAGE_VERSION "5.17"
| #define PACKAGE_STRING "stunnel 5.17"
| #define PACKAGE_BUGREPORT ""
| #define PACKAGE_URL ""
| #define PACKAGE "stunnel"
| #define VERSION "5.17"
| #define _GNU_SOURCE 1
| #define HOST "x86_64-apple-darwin14.3.0"
| #define CPU_X86_64 1
| #define VENDOR_APPLE 1
| #define OS_DARWIN14_3_0 1
| #define HAVE_PTHREAD_PRIO_INHERIT 1
| #define USE_PTHREAD 1
| #define STDC_HEADERS 1
| #define HAVE_SYS_TYPES_H 1
| #define HAVE_SYS_STAT_H 1
| #define HAVE_STDLIB_H 1
| #define HAVE_STRING_H 1
| #define HAVE_MEMORY_H 1
| #define HAVE_STRINGS_H 1
| #define HAVE_INTTYPES_H 1
| #define HAVE_STDINT_H 1
| #define HAVE_UNISTD_H 1
| #define HAVE_DLFCN_H 1
| #define LT_OBJDIR ".libs/"
| #define HAVE_STRUCT_SOCKADDR_UN 1
| #define HAVE_STRUCT_ADDRINFO 1
| #define HAVE_DEV_PTMX 1
| #define RANDOM_FILE "/dev/urandom"
| #define HAVE_STDINT_H 1
| #define HAVE_INTTYPES_H 1
| #define HAVE_PTHREAD_H 1
| #define HAVE_POLL_H 1
| #define HAVE_GRP_H 1
| #define HAVE_UNISTD_H 1
| #define HAVE_UTIL_H 1
| /* end confdefs.h.  */
| #include <libutil.h>
configure:13970: result: no
configure:13970: checking for libutil.h
configure:13970: result: no
configure:13970: checking pty.h usability
configure:13970: gcc -c -g -O2 -D_THREAD_SAFE -pthread -Wall -Wextra -Wpedantic -Wformat=2 -Wconversion -Wno-long-long -Wno-deprecated-declarations -fstack-protector -fPIE -D_FORTIFY_SOURCE=2  conftest.c >&5
conftest.c:74:10: fatal error: 'pty.h' file not found
#include <pty.h>
         ^
1 error generated.
configure:13970: $? = 1
configure: failed program was:
| /* confdefs.h */
| #define PACKAGE_NAME "stunnel"
| #define PACKAGE_TARNAME "stunnel"
| #define PACKAGE_VERSION "5.17"
| #define PACKAGE_STRING "stunnel 5.17"
| #define PACKAGE_BUGREPORT ""
| #define PACKAGE_URL ""
| #define PACKAGE "stunnel"
| #define VERSION "5.17"
| #define _GNU_SOURCE 1
| #define HOST "x86_64-apple-darwin14.3.0"
| #define CPU_X86_64 1
| #define VENDOR_APPLE 1
| #define OS_DARWIN14_3_0 1
| #define HAVE_PTHREAD_PRIO_INHERIT 1
| #define USE_PTHREAD 1
| #define STDC_HEADERS 1
| #define HAVE_SYS_TYPES_H 1
| #define HAVE_SYS_STAT_H 1
| #define HAVE_STDLIB_H 1
| #define HAVE_STRING_H 1
| #define HAVE_MEMORY_H 1
| #define HAVE_STRINGS_H 1
| #define HAVE_INTTYPES_H 1
| #define HAVE_STDINT_H 1
| #define HAVE_UNISTD_H 1
| #define HAVE_DLFCN_H 1
| #define LT_OBJDIR ".libs/"
| #define HAVE_STRUCT_SOCKADDR_UN 1
| #define HAVE_STRUCT_ADDRINFO 1
| #define HAVE_DEV_PTMX 1
| #define RANDOM_FILE "/dev/urandom"
| #define HAVE_STDINT_H 1
| #define HAVE_INTTYPES_H 1
| #define HAVE_PTHREAD_H 1
| #define HAVE_POLL_H 1
| #define HAVE_GRP_H 1
| #define HAVE_UNISTD_H 1
| #define HAVE_UTIL_H 1
| /* end confdefs.h.  */
| #include <stdio.h>
| #ifdef HAVE_SYS_TYPES_H
| # include <sys/types.h>
| #endif
| #ifdef HAVE_SYS_STAT_H
| # include <sys/stat.h>
| #endif
| #ifdef STDC_HEADERS
| # include <stdlib.h>
| # include <stddef.h>
| #else
| # ifdef HAVE_STDLIB_H
| #  include <stdlib.h>
| # endif
| #endif
| #ifdef HAVE_STRING_H
| # if !defined STDC_HEADERS && defined HAVE_MEMORY_H
| #  include <memory.h>
| # endif
| # include <string.h>
| #endif
| #ifdef HAVE_STRINGS_H
| # include <strings.h>
| #endif
| #ifdef HAVE_INTTYPES_H
| # include <inttypes.h>
| #endif
| #ifdef HAVE_STDINT_H
| # include <stdint.h>
| #endif
| #ifdef HAVE_UNISTD_H
| # include <unistd.h>
| #endif
| #include <pty.h>
configure:13970: result: no
configure:13970: checking pty.h presence
configure:13970: gcc -E  conftest.c
conftest.c:41:10: fatal error: 'pty.h' file not found
#include <pty.h>
         ^
1 error generated.
configure:13970: $? = 1
configure: failed program was:
| /* confdefs.h */
| #define PACKAGE_NAME "stunnel"
| #define PACKAGE_TARNAME "stunnel"
| #define PACKAGE_VERSION "5.17"
| #define PACKAGE_STRING "stunnel 5.17"
| #define PACKAGE_BUGREPORT ""
| #define PACKAGE_URL ""
| #define PACKAGE "stunnel"
| #define VERSION "5.17"
| #define _GNU_SOURCE 1
| #define HOST "x86_64-apple-darwin14.3.0"
| #define CPU_X86_64 1
| #define VENDOR_APPLE 1
| #define OS_DARWIN14_3_0 1
| #define HAVE_PTHREAD_PRIO_INHERIT 1
| #define USE_PTHREAD 1
| #define STDC_HEADERS 1
| #define HAVE_SYS_TYPES_H 1
| #define HAVE_SYS_STAT_H 1
| #define HAVE_STDLIB_H 1
| #define HAVE_STRING_H 1
| #define HAVE_MEMORY_H 1
| #define HAVE_STRINGS_H 1
| #define HAVE_INTTYPES_H 1
| #define HAVE_STDINT_H 1
| #define HAVE_UNISTD_H 1
| #define HAVE_DLFCN_H 1
| #define LT_OBJDIR ".libs/"
| #define HAVE_STRUCT_SOCKADDR_UN 1
| #define HAVE_STRUCT_ADDRINFO 1
| #define HAVE_DEV_PTMX 1
| #define RANDOM_FILE "/dev/urandom"
| #define HAVE_STDINT_H 1
| #define HAVE_INTTYPES_H 1
| #define HAVE_PTHREAD_H 1
| #define HAVE_POLL_H 1
| #define HAVE_GRP_H 1
| #define HAVE_UNISTD_H 1
| #define HAVE_UTIL_H 1
| /* end confdefs.h.  */
| #include <pty.h>
configure:13970: result: no
configure:13970: checking for pty.h
configure:13970: result: no
configure:13983: checking for sys/types.h
configure:13983: result: yes
configure:13983: checking sys/select.h usability
configure:13983: gcc -c -g -O2 -D_THREAD_SAFE -pthread -Wall -Wextra -Wpedantic -Wformat=2 -Wconversion -Wno-long-long -Wno-deprecated-declarations -fstack-protector -fPIE -D_FORTIFY_SOURCE=2  conftest.c >&5
configure:13983: $? = 0
configure:13983: result: yes
configure:13983: checking sys/select.h presence
configure:13983: gcc -E  conftest.c
configure:13983: $? = 0
configure:13983: result: yes
configure:13983: checking for sys/select.h
configure:13983: result: yes
configure:13983: checking sys/poll.h usability
configure:13983: gcc -c -g -O2 -D_THREAD_SAFE -pthread -Wall -Wextra -Wpedantic -Wformat=2 -Wconversion -Wno-long-long -Wno-deprecated-declarations -fstack-protector -fPIE -D_FORTIFY_SOURCE=2  conftest.c >&5
configure:13983: $? = 0
configure:13983: result: yes
configure:13983: checking sys/poll.h presence
configure:13983: gcc -E  conftest.c
configure:13983: $? = 0
configure:13983: result: yes
configure:13983: checking for sys/poll.h
configure:13983: result: yes
configure:13983: checking sys/socket.h usability
configure:13983: gcc -c -g -O2 -D_THREAD_SAFE -pthread -Wall -Wextra -Wpedantic -Wformat=2 -Wconversion -Wno-long-long -Wno-deprecated-declarations -fstack-protector -fPIE -D_FORTIFY_SOURCE=2  conftest.c >&5
configure:13983: $? = 0
configure:13983: result: yes
configure:13983: checking sys/socket.h presence
configure:13983: gcc -E  conftest.c
configure:13983: $? = 0
configure:13983: result: yes
configure:13983: checking for sys/socket.h
configure:13983: result: yes
configure:13983: checking sys/un.h usability
configure:13983: gcc -c -g -O2 -D_THREAD_SAFE -pthread -Wall -Wextra -Wpedantic -Wformat=2 -Wconversion -Wno-long-long -Wno-deprecated-declarations -fstack-protector -fPIE -D_FORTIFY_SOURCE=2  conftest.c >&5
configure:13983: $? = 0
configure:13983: result: yes
configure:13983: checking sys/un.h presence
configure:13983: gcc -E  conftest.c
configure:13983: $? = 0
configure:13983: result: yes
configure:13983: checking for sys/un.h
configure:13983: result: yes
configure:13983: checking sys/ioctl.h usability
configure:13983: gcc -c -g -O2 -D_THREAD_SAFE -pthread -Wall -Wextra -Wpedantic -Wformat=2 -Wconversion -Wno-long-long -Wno-deprecated-declarations -fstack-protector -fPIE -D_FORTIFY_SOURCE=2  conftest.c >&5
configure:13983: $? = 0
configure:13983: result: yes
configure:13983: checking sys/ioctl.h presence
configure:13983: gcc -E  conftest.c
configure:13983: $? = 0
configure:13983: result: yes
configure:13983: checking for sys/ioctl.h
configure:13983: result: yes
configure:13983: checking sys/filio.h usability
configure:13983: gcc -c -g -O2 -D_THREAD_SAFE -pthread -Wall -Wextra -Wpedantic -Wformat=2 -Wconversion -Wno-long-long -Wno-deprecated-declarations -fstack-protector -fPIE -D_FORTIFY_SOURCE=2  conftest.c >&5
configure:13983: $? = 0
configure:13983: result: yes
configure:13983: checking sys/filio.h presence
configure:13983: gcc -E  conftest.c
configure:13983: $? = 0
configure:13983: result: yes
configure:13983: checking for sys/filio.h
configure:13983: result: yes
configure:13983: checking sys/resource.h usability
configure:13983: gcc -c -g -O2 -D_THREAD_SAFE -pthread -Wall -Wextra -Wpedantic -Wformat=2 -Wconversion -Wno-long-long -Wno-deprecated-declarations -fstack-protector -fPIE -D_FORTIFY_SOURCE=2  conftest.c >&5
configure:13983: $? = 0
configure:13983: result: yes
configure:13983: checking sys/resource.h presence
configure:13983: gcc -E  conftest.c
configure:13983: $? = 0
configure:13983: result: yes
configure:13983: checking for sys/resource.h
configure:13983: result: yes
configure:13983: checking sys/uio.h usability
configure:13983: gcc -c -g -O2 -D_THREAD_SAFE -pthread -Wall -Wextra -Wpedantic -Wformat=2 -Wconversion -Wno-long-long -Wno-deprecated-declarations -fstack-protector -fPIE -D_FORTIFY_SOURCE=2  conftest.c >&5
configure:13983: $? = 0
configure:13983: result: yes
configure:13983: checking sys/uio.h presence
configure:13983: gcc -E  conftest.c
configure:13983: $? = 0
configure:13983: result: yes
configure:13983: checking for sys/uio.h
configure:13983: result: yes
configure:13983: checking sys/syscall.h usability
configure:13983: gcc -c -g -O2 -D_THREAD_SAFE -pthread -Wall -Wextra -Wpedantic -Wformat=2 -Wconversion -Wno-long-long -Wno-deprecated-declarations -fstack-protector -fPIE -D_FORTIFY_SOURCE=2  conftest.c >&5
configure:13983: $? = 0
configure:13983: result: yes
configure:13983: checking sys/syscall.h presence
configure:13983: gcc -E  conftest.c
configure:13983: $? = 0
configure:13983: result: yes
configure:13983: checking for sys/syscall.h
configure:13983: result: yes
configure:13993: checking for struct msghdr.msg_control
configure:13993: gcc -c -g -O2 -D_THREAD_SAFE -pthread -Wall -Wextra -Wpedantic -Wformat=2 -Wconversion -Wno-long-long -Wno-deprecated-declarations -fstack-protector -fPIE -D_FORTIFY_SOURCE=2  conftest.c >&5
configure:13993: $? = 0
configure:13993: result: yes
configure:14011: checking for linux/netfilter_ipv4.h
configure:14011: gcc -c -g -O2 -D_THREAD_SAFE -pthread -Wall -Wextra -Wpedantic -Wformat=2 -Wconversion -Wno-long-long -Wno-deprecated-declarations -fstack-protector -fPIE -D_FORTIFY_SOURCE=2  conftest.c >&5
conftest.c:55:10: fatal error: 'linux/types.h' file not found
#include <linux/types.h>
         ^
1 error generated.
configure:14011: $? = 1
configure: failed program was:
| /* confdefs.h */
| #define PACKAGE_NAME "stunnel"
| #define PACKAGE_TARNAME "stunnel"
| #define PACKAGE_VERSION "5.17"
| #define PACKAGE_STRING "stunnel 5.17"
| #define PACKAGE_BUGREPORT ""
| #define PACKAGE_URL ""
| #define PACKAGE "stunnel"
| #define VERSION "5.17"
| #define _GNU_SOURCE 1
| #define HOST "x86_64-apple-darwin14.3.0"
| #define CPU_X86_64 1
| #define VENDOR_APPLE 1
| #define OS_DARWIN14_3_0 1
| #define HAVE_PTHREAD_PRIO_INHERIT 1
| #define USE_PTHREAD 1
| #define STDC_HEADERS 1
| #define HAVE_SYS_TYPES_H 1
| #define HAVE_SYS_STAT_H 1
| #define HAVE_STDLIB_H 1
| #define HAVE_STRING_H 1
| #define HAVE_MEMORY_H 1
| #define HAVE_STRINGS_H 1
| #define HAVE_INTTYPES_H 1
| #define HAVE_STDINT_H 1
| #define HAVE_UNISTD_H 1
| #define HAVE_DLFCN_H 1
| #define LT_OBJDIR ".libs/"
| #define HAVE_STRUCT_SOCKADDR_UN 1
| #define HAVE_STRUCT_ADDRINFO 1
| #define HAVE_DEV_PTMX 1
| #define RANDOM_FILE "/dev/urandom"
| #define HAVE_STDINT_H 1
| #define HAVE_INTTYPES_H 1
| #define HAVE_PTHREAD_H 1
| #define HAVE_POLL_H 1
| #define HAVE_GRP_H 1
| #define HAVE_UNISTD_H 1
| #define HAVE_UTIL_H 1
| #define HAVE_SYS_TYPES_H 1
| #define HAVE_SYS_SELECT_H 1
| #define HAVE_SYS_POLL_H 1
| #define HAVE_SYS_SOCKET_H 1
| #define HAVE_SYS_UN_H 1
| #define HAVE_SYS_IOCTL_H 1
| #define HAVE_SYS_FILIO_H 1
| #define HAVE_SYS_RESOURCE_H 1
| #define HAVE_SYS_UIO_H 1
| #define HAVE_SYS_SYSCALL_H 1
| #define HAVE_STRUCT_MSGHDR_MSG_CONTROL 1
| #define HAVE_MSGHDR_MSG_CONTROL 1
| /* end confdefs.h.  */
| 
| #include <limits.h>
| #include <linux/types.h>
| #include <sys/socket.h>
| #include <netdb.h>
| 
| 
| #include <linux/netfilter_ipv4.h>
configure:14011: result: no
configure:14028: **************************************** libraries
configure:14031: checking for library containing gethostbyname
configure:14062: gcc -o conftest -g -O2 -D_THREAD_SAFE -pthread -Wall -Wextra -Wpedantic -Wformat=2 -Wconversion -Wno-long-long -Wno-deprecated-declarations -fstack-protector -fPIE -D_FORTIFY_SOURCE=2   -fPIE -pie conftest.c   >&5
clang: warning: argument unused during compilation: '-pie'
configure:14062: $? = 0
configure:14079: result: none required
configure:14087: checking for library containing yp_get_default_domain
configure:14118: gcc -o conftest -g -O2 -D_THREAD_SAFE -pthread -Wall -Wextra -Wpedantic -Wformat=2 -Wconversion -Wno-long-long -Wno-deprecated-declarations -fstack-protector -fPIE -D_FORTIFY_SOURCE=2   -fPIE -pie conftest.c   >&5
clang: warning: argument unused during compilation: '-pie'
configure:14118: $? = 0
configure:14135: result: none required
configure:14143: checking for library containing socket
configure:14174: gcc -o conftest -g -O2 -D_THREAD_SAFE -pthread -Wall -Wextra -Wpedantic -Wformat=2 -Wconversion -Wno-long-long -Wno-deprecated-declarations -fstack-protector -fPIE -D_FORTIFY_SOURCE=2   -fPIE -pie conftest.c   >&5
clang: warning: argument unused during compilation: '-pie'
configure:14174: $? = 0
configure:14191: result: none required
configure:14199: checking for library containing openpty
configure:14230: gcc -o conftest -g -O2 -D_THREAD_SAFE -pthread -Wall -Wextra -Wpedantic -Wformat=2 -Wconversion -Wno-long-long -Wno-deprecated-declarations -fstack-protector -fPIE -D_FORTIFY_SOURCE=2   -fPIE -pie conftest.c   >&5
clang: warning: argument unused during compilation: '-pie'
configure:14230: $? = 0
configure:14247: result: none required
configure:14256: checking for library containing dlopen
configure:14287: gcc -o conftest -g -O2 -D_THREAD_SAFE -pthread -Wall -Wextra -Wpedantic -Wformat=2 -Wconversion -Wno-long-long -Wno-deprecated-declarations -fstack-protector -fPIE -D_FORTIFY_SOURCE=2   -fPIE -pie conftest.c   >&5
clang: warning: argument unused during compilation: '-pie'
configure:14287: $? = 0
configure:14304: result: none required
configure:14312: checking for library containing shl_load
configure:14343: gcc -o conftest -g -O2 -D_THREAD_SAFE -pthread -Wall -Wextra -Wpedantic -Wformat=2 -Wconversion -Wno-long-long -Wno-deprecated-declarations -fstack-protector -fPIE -D_FORTIFY_SOURCE=2   -fPIE -pie conftest.c   >&5
clang: warning: argument unused during compilation: '-pie'
Undefined symbols for architecture x86_64:
  "_shl_load", referenced from:
      _main in conftest-69e757.o
ld: symbol(s) not found for architecture x86_64
clang: error: linker command failed with exit code 1 (use -v to see invocation)
configure:14343: $? = 1
configure: failed program was:
| /* confdefs.h */
| #define PACKAGE_NAME "stunnel"
| #define PACKAGE_TARNAME "stunnel"
| #define PACKAGE_VERSION "5.17"
| #define PACKAGE_STRING "stunnel 5.17"
| #define PACKAGE_BUGREPORT ""
| #define PACKAGE_URL ""
| #define PACKAGE "stunnel"
| #define VERSION "5.17"
| #define _GNU_SOURCE 1
| #define HOST "x86_64-apple-darwin14.3.0"
| #define CPU_X86_64 1
| #define VENDOR_APPLE 1
| #define OS_DARWIN14_3_0 1
| #define HAVE_PTHREAD_PRIO_INHERIT 1
| #define USE_PTHREAD 1
| #define STDC_HEADERS 1
| #define HAVE_SYS_TYPES_H 1
| #define HAVE_SYS_STAT_H 1
| #define HAVE_STDLIB_H 1
| #define HAVE_STRING_H 1
| #define HAVE_MEMORY_H 1
| #define HAVE_STRINGS_H 1
| #define HAVE_INTTYPES_H 1
| #define HAVE_STDINT_H 1
| #define HAVE_UNISTD_H 1
| #define HAVE_DLFCN_H 1
| #define LT_OBJDIR ".libs/"
| #define HAVE_STRUCT_SOCKADDR_UN 1
| #define HAVE_STRUCT_ADDRINFO 1
| #define HAVE_DEV_PTMX 1
| #define RANDOM_FILE "/dev/urandom"
| #define HAVE_STDINT_H 1
| #define HAVE_INTTYPES_H 1
| #define HAVE_PTHREAD_H 1
| #define HAVE_POLL_H 1
| #define HAVE_GRP_H 1
| #define HAVE_UNISTD_H 1
| #define HAVE_UTIL_H 1
| #define HAVE_SYS_TYPES_H 1
| #define HAVE_SYS_SELECT_H 1
| #define HAVE_SYS_POLL_H 1
| #define HAVE_SYS_SOCKET_H 1
| #define HAVE_SYS_UN_H 1
| #define HAVE_SYS_IOCTL_H 1
| #define HAVE_SYS_FILIO_H 1
| #define HAVE_SYS_RESOURCE_H 1
| #define HAVE_SYS_UIO_H 1
| #define HAVE_SYS_SYSCALL_H 1
| #define HAVE_STRUCT_MSGHDR_MSG_CONTROL 1
| #define HAVE_MSGHDR_MSG_CONTROL 1
| /* end confdefs.h.  */
| 
| /* Override any GCC internal prototype to avoid an error.
|    Use char because int might match the return type of a GCC
|    builtin and then its argument prototype would still apply.  */
| #ifdef __cplusplus
| extern "C"
| #endif
| char shl_load ();
| int
| main ()
| {
| return shl_load ();
|   ;
|   return 0;
| }
configure:14343: gcc -o conftest -g -O2 -D_THREAD_SAFE -pthread -Wall -Wextra -Wpedantic -Wformat=2 -Wconversion -Wno-long-long -Wno-deprecated-declarations -fstack-protector -fPIE -D_FORTIFY_SOURCE=2   -fPIE -pie conftest.c -ldld    >&5
clang: warning: argument unused during compilation: '-pie'
ld: library not found for -ldld
clang: error: linker command failed with exit code 1 (use -v to see invocation)
configure:14343: $? = 1
configure: failed program was:
| /* confdefs.h */
| #define PACKAGE_NAME "stunnel"
| #define PACKAGE_TARNAME "stunnel"
| #define PACKAGE_VERSION "5.17"
| #define PACKAGE_STRING "stunnel 5.17"
| #define PACKAGE_BUGREPORT ""
| #define PACKAGE_URL ""
| #define PACKAGE "stunnel"
| #define VERSION "5.17"
| #define _GNU_SOURCE 1
| #define HOST "x86_64-apple-darwin14.3.0"
| #define CPU_X86_64 1
| #define VENDOR_APPLE 1
| #define OS_DARWIN14_3_0 1
| #define HAVE_PTHREAD_PRIO_INHERIT 1
| #define USE_PTHREAD 1
| #define STDC_HEADERS 1
| #define HAVE_SYS_TYPES_H 1
| #define HAVE_SYS_STAT_H 1
| #define HAVE_STDLIB_H 1
| #define HAVE_STRING_H 1
| #define HAVE_MEMORY_H 1
| #define HAVE_STRINGS_H 1
| #define HAVE_INTTYPES_H 1
| #define HAVE_STDINT_H 1
| #define HAVE_UNISTD_H 1
| #define HAVE_DLFCN_H 1
| #define LT_OBJDIR ".libs/"
| #define HAVE_STRUCT_SOCKADDR_UN 1
| #define HAVE_STRUCT_ADDRINFO 1
| #define HAVE_DEV_PTMX 1
| #define RANDOM_FILE "/dev/urandom"
| #define HAVE_STDINT_H 1
| #define HAVE_INTTYPES_H 1
| #define HAVE_PTHREAD_H 1
| #define HAVE_POLL_H 1
| #define HAVE_GRP_H 1
| #define HAVE_UNISTD_H 1
| #define HAVE_UTIL_H 1
| #define HAVE_SYS_TYPES_H 1
| #define HAVE_SYS_SELECT_H 1
| #define HAVE_SYS_POLL_H 1
| #define HAVE_SYS_SOCKET_H 1
| #define HAVE_SYS_UN_H 1
| #define HAVE_SYS_IOCTL_H 1
| #define HAVE_SYS_FILIO_H 1
| #define HAVE_SYS_RESOURCE_H 1
| #define HAVE_SYS_UIO_H 1
| #define HAVE_SYS_SYSCALL_H 1
| #define HAVE_STRUCT_MSGHDR_MSG_CONTROL 1
| #define HAVE_MSGHDR_MSG_CONTROL 1
| /* end confdefs.h.  */
| 
| /* Override any GCC internal prototype to avoid an error.
|    Use char because int might match the return type of a GCC
|    builtin and then its argument prototype would still apply.  */
| #ifdef __cplusplus
| extern "C"
| #endif
| char shl_load ();
| int
| main ()
| {
| return shl_load ();
|   ;
|   return 0;
| }
configure:14360: result: no
configure:14368: checking for library containing inflateEnd
configure:14399: gcc -o conftest -g -O2 -D_THREAD_SAFE -pthread -Wall -Wextra -Wpedantic -Wformat=2 -Wconversion -Wno-long-long -Wno-deprecated-declarations -fstack-protector -fPIE -D_FORTIFY_SOURCE=2   -fPIE -pie conftest.c   >&5
clang: warning: argument unused during compilation: '-pie'
Undefined symbols for architecture x86_64:
  "_inflateEnd", referenced from:
      _main in conftest-4fb031.o
ld: symbol(s) not found for architecture x86_64
clang: error: linker command failed with exit code 1 (use -v to see invocation)
configure:14399: $? = 1
configure: failed program was:
| /* confdefs.h */
| #define PACKAGE_NAME "stunnel"
| #define PACKAGE_TARNAME "stunnel"
| #define PACKAGE_VERSION "5.17"
| #define PACKAGE_STRING "stunnel 5.17"
| #define PACKAGE_BUGREPORT ""
| #define PACKAGE_URL ""
| #define PACKAGE "stunnel"
| #define VERSION "5.17"
| #define _GNU_SOURCE 1
| #define HOST "x86_64-apple-darwin14.3.0"
| #define CPU_X86_64 1
| #define VENDOR_APPLE 1
| #define OS_DARWIN14_3_0 1
| #define HAVE_PTHREAD_PRIO_INHERIT 1
| #define USE_PTHREAD 1
| #define STDC_HEADERS 1
| #define HAVE_SYS_TYPES_H 1
| #define HAVE_SYS_STAT_H 1
| #define HAVE_STDLIB_H 1
| #define HAVE_STRING_H 1
| #define HAVE_MEMORY_H 1
| #define HAVE_STRINGS_H 1
| #define HAVE_INTTYPES_H 1
| #define HAVE_STDINT_H 1
| #define HAVE_UNISTD_H 1
| #define HAVE_DLFCN_H 1
| #define LT_OBJDIR ".libs/"
| #define HAVE_STRUCT_SOCKADDR_UN 1
| #define HAVE_STRUCT_ADDRINFO 1
| #define HAVE_DEV_PTMX 1
| #define RANDOM_FILE "/dev/urandom"
| #define HAVE_STDINT_H 1
| #define HAVE_INTTYPES_H 1
| #define HAVE_PTHREAD_H 1
| #define HAVE_POLL_H 1
| #define HAVE_GRP_H 1
| #define HAVE_UNISTD_H 1
| #define HAVE_UTIL_H 1
| #define HAVE_SYS_TYPES_H 1
| #define HAVE_SYS_SELECT_H 1
| #define HAVE_SYS_POLL_H 1
| #define HAVE_SYS_SOCKET_H 1
| #define HAVE_SYS_UN_H 1
| #define HAVE_SYS_IOCTL_H 1
| #define HAVE_SYS_FILIO_H 1
| #define HAVE_SYS_RESOURCE_H 1
| #define HAVE_SYS_UIO_H 1
| #define HAVE_SYS_SYSCALL_H 1
| #define HAVE_STRUCT_MSGHDR_MSG_CONTROL 1
| #define HAVE_MSGHDR_MSG_CONTROL 1
| /* end confdefs.h.  */
| 
| /* Override any GCC internal prototype to avoid an error.
|    Use char because int might match the return type of a GCC
|    builtin and then its argument prototype would still apply.  */
| #ifdef __cplusplus
| extern "C"
| #endif
| char inflateEnd ();
| int
| main ()
| {
| return inflateEnd ();
|   ;
|   return 0;
| }
configure:14399: gcc -o conftest -g -O2 -D_THREAD_SAFE -pthread -Wall -Wextra -Wpedantic -Wformat=2 -Wconversion -Wno-long-long -Wno-deprecated-declarations -fstack-protector -fPIE -D_FORTIFY_SOURCE=2   -fPIE -pie conftest.c -lz    >&5
clang: warning: argument unused during compilation: '-pie'
configure:14399: $? = 0
configure:14416: result: -lz
configure:14430: **************************************** library functions
configure:14436: checking for snprintf
configure:14436: gcc -o conftest -g -O2 -D_THREAD_SAFE -pthread -Wall -Wextra -Wpedantic -Wformat=2 -Wconversion -Wno-long-long -Wno-deprecated-declarations -fstack-protector -fPIE -D_FORTIFY_SOURCE=2   -fPIE -pie conftest.c -lz   >&5
clang: warning: argument unused during compilation: '-pie'
conftest.c:76:6: warning: incompatible redeclaration of library function 'snprintf' [-Wincompatible-library-redeclaration]
char snprintf ();
     ^
conftest.c:76:6: note: 'snprintf' is a builtin with type 'int (char *, unsigned long, const char *, ...)'
1 warning generated.
configure:14436: $? = 0
configure:14436: result: yes
configure:14436: checking for vsnprintf
configure:14436: gcc -o conftest -g -O2 -D_THREAD_SAFE -pthread -Wall -Wextra -Wpedantic -Wformat=2 -Wconversion -Wno-long-long -Wno-deprecated-declarations -fstack-protector -fPIE -D_FORTIFY_SOURCE=2   -fPIE -pie conftest.c -lz   >&5
clang: warning: argument unused during compilation: '-pie'
conftest.c:77:6: warning: incompatible redeclaration of library function 'vsnprintf' [-Wincompatible-library-redeclaration]
char vsnprintf ();
     ^
conftest.c:77:6: note: 'vsnprintf' is a builtin with type 'int (char *, unsigned long, const char *, __va_list_tag *)'
1 warning generated.
configure:14436: $? = 0
configure:14436: result: yes
configure:14449: checking for openpty
configure:14449: gcc -o conftest -g -O2 -D_THREAD_SAFE -pthread -Wall -Wextra -Wpedantic -Wformat=2 -Wconversion -Wno-long-long -Wno-deprecated-declarations -fstack-protector -fPIE -D_FORTIFY_SOURCE=2   -fPIE -pie conftest.c -lz   >&5
clang: warning: argument unused during compilation: '-pie'
configure:14449: $? = 0
configure:14449: result: yes
configure:14449: checking for _getpty
configure:14449: gcc -o conftest -g -O2 -D_THREAD_SAFE -pthread -Wall -Wextra -Wpedantic -Wformat=2 -Wconversion -Wno-long-long -Wno-deprecated-declarations -fstack-protector -fPIE -D_FORTIFY_SOURCE=2   -fPIE -pie conftest.c -lz   >&5
clang: warning: argument unused during compilation: '-pie'
Undefined symbols for architecture x86_64:
  "__getpty", referenced from:
      _main in conftest-85b218.o
ld: symbol(s) not found for architecture x86_64
clang: error: linker command failed with exit code 1 (use -v to see invocation)
configure:14449: $? = 1
configure: failed program was:
| /* confdefs.h */
| #define PACKAGE_NAME "stunnel"
| #define PACKAGE_TARNAME "stunnel"
| #define PACKAGE_VERSION "5.17"
| #define PACKAGE_STRING "stunnel 5.17"
| #define PACKAGE_BUGREPORT ""
| #define PACKAGE_URL ""
| #define PACKAGE "stunnel"
| #define VERSION "5.17"
| #define _GNU_SOURCE 1
| #define HOST "x86_64-apple-darwin14.3.0"
| #define CPU_X86_64 1
| #define VENDOR_APPLE 1
| #define OS_DARWIN14_3_0 1
| #define HAVE_PTHREAD_PRIO_INHERIT 1
| #define USE_PTHREAD 1
| #define STDC_HEADERS 1
| #define HAVE_SYS_TYPES_H 1
| #define HAVE_SYS_STAT_H 1
| #define HAVE_STDLIB_H 1
| #define HAVE_STRING_H 1
| #define HAVE_MEMORY_H 1
| #define HAVE_STRINGS_H 1
| #define HAVE_INTTYPES_H 1
| #define HAVE_STDINT_H 1
| #define HAVE_UNISTD_H 1
| #define HAVE_DLFCN_H 1
| #define LT_OBJDIR ".libs/"
| #define HAVE_STRUCT_SOCKADDR_UN 1
| #define HAVE_STRUCT_ADDRINFO 1
| #define HAVE_DEV_PTMX 1
| #define RANDOM_FILE "/dev/urandom"
| #define HAVE_STDINT_H 1
| #define HAVE_INTTYPES_H 1
| #define HAVE_PTHREAD_H 1
| #define HAVE_POLL_H 1
| #define HAVE_GRP_H 1
| #define HAVE_UNISTD_H 1
| #define HAVE_UTIL_H 1
| #define HAVE_SYS_TYPES_H 1
| #define HAVE_SYS_SELECT_H 1
| #define HAVE_SYS_POLL_H 1
| #define HAVE_SYS_SOCKET_H 1
| #define HAVE_SYS_UN_H 1
| #define HAVE_SYS_IOCTL_H 1
| #define HAVE_SYS_FILIO_H 1
| #define HAVE_SYS_RESOURCE_H 1
| #define HAVE_SYS_UIO_H 1
| #define HAVE_SYS_SYSCALL_H 1
| #define HAVE_STRUCT_MSGHDR_MSG_CONTROL 1
| #define HAVE_MSGHDR_MSG_CONTROL 1
| #define HAVE_SNPRINTF 1
| #define HAVE_VSNPRINTF 1
| #define HAVE_OPENPTY 1
| /* end confdefs.h.  */
| /* Define _getpty to an innocuous variant, in case <limits.h> declares _getpty.
|    For example, HP-UX 11i <limits.h> declares gettimeofday.  */
| #define _getpty innocuous__getpty
| 
| /* System header to define __stub macros and hopefully few prototypes,
|     which can conflict with char _getpty (); below.
|     Prefer <limits.h> to <assert.h> if __STDC__ is defined, since
|     <limits.h> exists even on freestanding compilers.  */
| 
| #ifdef __STDC__
| # include <limits.h>
| #else
| # include <assert.h>
| #endif
| 
| #undef _getpty
| 
| /* Override any GCC internal prototype to avoid an error.
|    Use char because int might match the return type of a GCC
|    builtin and then its argument prototype would still apply.  */
| #ifdef __cplusplus
| extern "C"
| #endif
| char _getpty ();
| /* The GNU C library defines this for functions which it implements
|     to always fail with ENOSYS.  Some functions are actually named
|     something starting with __ and the normal name is an alias.  */
| #if defined __stub__getpty || defined __stub____getpty
| choke me
| #endif
| 
| int
| main ()
| {
| return _getpty ();
|   ;
|   return 0;
| }
configure:14449: result: no
configure:14462: checking for daemon
configure:14462: gcc -o conftest -g -O2 -D_THREAD_SAFE -pthread -Wall -Wextra -Wpedantic -Wformat=2 -Wconversion -Wno-long-long -Wno-deprecated-declarations -fstack-protector -fPIE -D_FORTIFY_SOURCE=2   -fPIE -pie conftest.c -lz   >&5
clang: warning: argument unused during compilation: '-pie'
configure:14462: $? = 0
configure:14462: result: yes
configure:14462: checking for waitpid
configure:14462: gcc -o conftest -g -O2 -D_THREAD_SAFE -pthread -Wall -Wextra -Wpedantic -Wformat=2 -Wconversion -Wno-long-long -Wno-deprecated-declarations -fstack-protector -fPIE -D_FORTIFY_SOURCE=2   -fPIE -pie conftest.c -lz   >&5
clang: warning: argument unused during compilation: '-pie'
configure:14462: $? = 0
configure:14462: result: yes
configure:14462: checking for wait4
configure:14462: gcc -o conftest -g -O2 -D_THREAD_SAFE -pthread -Wall -Wextra -Wpedantic -Wformat=2 -Wconversion -Wno-long-long -Wno-deprecated-declarations -fstack-protector -fPIE -D_FORTIFY_SOURCE=2   -fPIE -pie conftest.c -lz   >&5
clang: warning: argument unused during compilation: '-pie'
configure:14462: $? = 0
configure:14462: result: yes
configure:14462: checking for setsid
configure:14462: gcc -o conftest -g -O2 -D_THREAD_SAFE -pthread -Wall -Wextra -Wpedantic -Wformat=2 -Wconversion -Wno-long-long -Wno-deprecated-declarations -fstack-protector -fPIE -D_FORTIFY_SOURCE=2   -fPIE -pie conftest.c -lz   >&5
clang: warning: argument unused during compilation: '-pie'
configure:14462: $? = 0
configure:14462: result: yes
configure:14462: checking for setgroups
configure:14462: gcc -o conftest -g -O2 -D_THREAD_SAFE -pthread -Wall -Wextra -Wpedantic -Wformat=2 -Wconversion -Wno-long-long -Wno-deprecated-declarations -fstack-protector -fPIE -D_FORTIFY_SOURCE=2   -fPIE -pie conftest.c -lz   >&5
clang: warning: argument unused during compilation: '-pie'
configure:14462: $? = 0
configure:14462: result: yes
configure:14462: checking for chroot
configure:14462: gcc -o conftest -g -O2 -D_THREAD_SAFE -pthread -Wall -Wextra -Wpedantic -Wformat=2 -Wconversion -Wno-long-long -Wno-deprecated-declarations -fstack-protector -fPIE -D_FORTIFY_SOURCE=2   -fPIE -pie conftest.c -lz   >&5
clang: warning: argument unused during compilation: '-pie'
configure:14462: $? = 0
configure:14462: result: yes
configure:14475: checking for sysconf
configure:14475: gcc -o conftest -g -O2 -D_THREAD_SAFE -pthread -Wall -Wextra -Wpedantic -Wformat=2 -Wconversion -Wno-long-long -Wno-deprecated-declarations -fstack-protector -fPIE -D_FORTIFY_SOURCE=2   -fPIE -pie conftest.c -lz   >&5
clang: warning: argument unused during compilation: '-pie'
configure:14475: $? = 0
configure:14475: result: yes
configure:14475: checking for getrlimit
configure:14475: gcc -o conftest -g -O2 -D_THREAD_SAFE -pthread -Wall -Wextra -Wpedantic -Wformat=2 -Wconversion -Wno-long-long -Wno-deprecated-declarations -fstack-protector -fPIE -D_FORTIFY_SOURCE=2   -fPIE -pie conftest.c -lz   >&5
clang: warning: argument unused during compilation: '-pie'
configure:14475: $? = 0
configure:14475: result: yes
configure:14488: checking for pthread_sigmask
configure:14488: gcc -o conftest -g -O2 -D_THREAD_SAFE -pthread -Wall -Wextra -Wpedantic -Wformat=2 -Wconversion -Wno-long-long -Wno-deprecated-declarations -fstack-protector -fPIE -D_FORTIFY_SOURCE=2   -fPIE -pie conftest.c -lz   >&5
clang: warning: argument unused during compilation: '-pie'
configure:14488: $? = 0
configure:14488: result: yes
configure:14488: checking for localtime_r
configure:14488: gcc -o conftest -g -O2 -D_THREAD_SAFE -pthread -Wall -Wextra -Wpedantic -Wformat=2 -Wconversion -Wno-long-long -Wno-deprecated-declarations -fstack-protector -fPIE -D_FORTIFY_SOURCE=2   -fPIE -pie conftest.c -lz   >&5
clang: warning: argument unused during compilation: '-pie'
configure:14488: $? = 0
configure:14488: result: yes
configure:14501: checking for getcontext
configure:14501: gcc -o conftest -g -O2 -D_THREAD_SAFE -pthread -Wall -Wextra -Wpedantic -Wformat=2 -Wconversion -Wno-long-long -Wno-deprecated-declarations -fstack-protector -fPIE -D_FORTIFY_SOURCE=2   -fPIE -pie conftest.c -lz   >&5
clang: warning: argument unused during compilation: '-pie'
conftest.c:89:6: warning: declaration of built-in function 'getcontext' requires inclusion of the header <ucontext.h> [-Wbuiltin-requires-header]
char getcontext ();
     ^
1 warning generated.
configure:14501: $? = 0
configure:14501: result: yes
configure:14501: checking for __makecontext_v2
configure:14501: gcc -o conftest -g -O2 -D_THREAD_SAFE -pthread -Wall -Wextra -Wpedantic -Wformat=2 -Wconversion -Wno-long-long -Wno-deprecated-declarations -fstack-protector -fPIE -D_FORTIFY_SOURCE=2   -fPIE -pie conftest.c -lz   >&5
clang: warning: argument unused during compilation: '-pie'
Undefined symbols for architecture x86_64:
  "___makecontext_v2", referenced from:
      _main in conftest-ba719d.o
ld: symbol(s) not found for architecture x86_64
clang: error: linker command failed with exit code 1 (use -v to see invocation)
configure:14501: $? = 1
configure: failed program was:
| /* confdefs.h */
| #define PACKAGE_NAME "stunnel"
| #define PACKAGE_TARNAME "stunnel"
| #define PACKAGE_VERSION "5.17"
| #define PACKAGE_STRING "stunnel 5.17"
| #define PACKAGE_BUGREPORT ""
| #define PACKAGE_URL ""
| #define PACKAGE "stunnel"
| #define VERSION "5.17"
| #define _GNU_SOURCE 1
| #define HOST "x86_64-apple-darwin14.3.0"
| #define CPU_X86_64 1
| #define VENDOR_APPLE 1
| #define OS_DARWIN14_3_0 1
| #define HAVE_PTHREAD_PRIO_INHERIT 1
| #define USE_PTHREAD 1
| #define STDC_HEADERS 1
| #define HAVE_SYS_TYPES_H 1
| #define HAVE_SYS_STAT_H 1
| #define HAVE_STDLIB_H 1
| #define HAVE_STRING_H 1
| #define HAVE_MEMORY_H 1
| #define HAVE_STRINGS_H 1
| #define HAVE_INTTYPES_H 1
| #define HAVE_STDINT_H 1
| #define HAVE_UNISTD_H 1
| #define HAVE_DLFCN_H 1
| #define LT_OBJDIR ".libs/"
| #define HAVE_STRUCT_SOCKADDR_UN 1
| #define HAVE_STRUCT_ADDRINFO 1
| #define HAVE_DEV_PTMX 1
| #define RANDOM_FILE "/dev/urandom"
| #define HAVE_STDINT_H 1
| #define HAVE_INTTYPES_H 1
| #define HAVE_PTHREAD_H 1
| #define HAVE_POLL_H 1
| #define HAVE_GRP_H 1
| #define HAVE_UNISTD_H 1
| #define HAVE_UTIL_H 1
| #define HAVE_SYS_TYPES_H 1
| #define HAVE_SYS_SELECT_H 1
| #define HAVE_SYS_POLL_H 1
| #define HAVE_SYS_SOCKET_H 1
| #define HAVE_SYS_UN_H 1
| #define HAVE_SYS_IOCTL_H 1
| #define HAVE_SYS_FILIO_H 1
| #define HAVE_SYS_RESOURCE_H 1
| #define HAVE_SYS_UIO_H 1
| #define HAVE_SYS_SYSCALL_H 1
| #define HAVE_STRUCT_MSGHDR_MSG_CONTROL 1
| #define HAVE_MSGHDR_MSG_CONTROL 1
| #define HAVE_SNPRINTF 1
| #define HAVE_VSNPRINTF 1
| #define HAVE_OPENPTY 1
| #define HAVE_DAEMON 1
| #define HAVE_WAITPID 1
| #define HAVE_WAIT4 1
| #define HAVE_SETSID 1
| #define HAVE_SETGROUPS 1
| #define HAVE_CHROOT 1
| #define HAVE_SYSCONF 1
| #define HAVE_GETRLIMIT 1
| #define HAVE_PTHREAD_SIGMASK 1
| #define HAVE_LOCALTIME_R 1
| #define HAVE_GETCONTEXT 1
| /* end confdefs.h.  */
| /* Define __makecontext_v2 to an innocuous variant, in case <limits.h> declares __makecontext_v2.
|    For example, HP-UX 11i <limits.h> declares gettimeofday.  */
| #define __makecontext_v2 innocuous___makecontext_v2
| 
| /* System header to define __stub macros and hopefully few prototypes,
|     which can conflict with char __makecontext_v2 (); below.
|     Prefer <limits.h> to <assert.h> if __STDC__ is defined, since
|     <limits.h> exists even on freestanding compilers.  */
| 
| #ifdef __STDC__
| # include <limits.h>
| #else
| # include <assert.h>
| #endif
| 
| #undef __makecontext_v2
| 
| /* Override any GCC internal prototype to avoid an error.
|    Use char because int might match the return type of a GCC
|    builtin and then its argument prototype would still apply.  */
| #ifdef __cplusplus
| extern "C"
| #endif
| char __makecontext_v2 ();
| /* The GNU C library defines this for functions which it implements
|     to always fail with ENOSYS.  Some functions are actually named
|     something starting with __ and the normal name is an alias.  */
| #if defined __stub___makecontext_v2 || defined __stub_____makecontext_v2
| choke me
| #endif
| 
| int
| main ()
| {
| return __makecontext_v2 ();
|   ;
|   return 0;
| }
configure:14501: result: no
configure:14514: checking for poll
configure:14514: gcc -o conftest -g -O2 -D_THREAD_SAFE -pthread -Wall -Wextra -Wpedantic -Wformat=2 -Wconversion -Wno-long-long -Wno-deprecated-declarations -fstack-protector -fPIE -D_FORTIFY_SOURCE=2   -fPIE -pie conftest.c -lz   >&5
clang: warning: argument unused during compilation: '-pie'
configure:14514: $? = 0
configure:14514: result: yes
configure:14514: checking for gethostbyname2
configure:14514: gcc -o conftest -g -O2 -D_THREAD_SAFE -pthread -Wall -Wextra -Wpedantic -Wformat=2 -Wconversion -Wno-long-long -Wno-deprecated-declarations -fstack-protector -fPIE -D_FORTIFY_SOURCE=2   -fPIE -pie conftest.c -lz   >&5
clang: warning: argument unused during compilation: '-pie'
configure:14514: $? = 0
configure:14514: result: yes
configure:14514: checking for endhostent
configure:14514: gcc -o conftest -g -O2 -D_THREAD_SAFE -pthread -Wall -Wextra -Wpedantic -Wformat=2 -Wconversion -Wno-long-long -Wno-deprecated-declarations -fstack-protector -fPIE -D_FORTIFY_SOURCE=2   -fPIE -pie conftest.c -lz   >&5
clang: warning: argument unused during compilation: '-pie'
configure:14514: $? = 0
configure:14514: result: yes
configure:14514: checking for getnameinfo
configure:14514: gcc -o conftest -g -O2 -D_THREAD_SAFE -pthread -Wall -Wextra -Wpedantic -Wformat=2 -Wconversion -Wno-long-long -Wno-deprecated-declarations -fstack-protector -fPIE -D_FORTIFY_SOURCE=2   -fPIE -pie conftest.c -lz   >&5
clang: warning: argument unused during compilation: '-pie'
configure:14514: $? = 0
configure:14514: result: yes
configure:14523: checking for getaddrinfo
configure:14552: gcc -o conftest -g -O2 -D_THREAD_SAFE -pthread -Wall -Wextra -Wpedantic -Wformat=2 -Wconversion -Wno-long-long -Wno-deprecated-declarations -fstack-protector -fPIE -D_FORTIFY_SOURCE=2   -fPIE -pie conftest.c -lz   >&5
clang: warning: argument unused during compilation: '-pie'
configure:14552: $? = 0
configure:14553: result: yes
configure:14566: checking for broken poll() implementation
configure:14570: result: yes (poll() disabled)
configure:14585: checking for pipe2
configure:14585: gcc -o conftest -g -O2 -D_THREAD_SAFE -pthread -Wall -Wextra -Wpedantic -Wformat=2 -Wconversion -Wno-long-long -Wno-deprecated-declarations -fstack-protector -fPIE -D_FORTIFY_SOURCE=2   -fPIE -pie conftest.c -lz   >&5
clang: warning: argument unused during compilation: '-pie'
Undefined symbols for architecture x86_64:
  "_pipe2", referenced from:
      _main in conftest-bc7e4c.o
ld: symbol(s) not found for architecture x86_64
clang: error: linker command failed with exit code 1 (use -v to see invocation)
configure:14585: $? = 1
configure: failed program was:
| /* confdefs.h */
| #define PACKAGE_NAME "stunnel"
| #define PACKAGE_TARNAME "stunnel"
| #define PACKAGE_VERSION "5.17"
| #define PACKAGE_STRING "stunnel 5.17"
| #define PACKAGE_BUGREPORT ""
| #define PACKAGE_URL ""
| #define PACKAGE "stunnel"
| #define VERSION "5.17"
| #define _GNU_SOURCE 1
| #define HOST "x86_64-apple-darwin14.3.0"
| #define CPU_X86_64 1
| #define VENDOR_APPLE 1
| #define OS_DARWIN14_3_0 1
| #define HAVE_PTHREAD_PRIO_INHERIT 1
| #define USE_PTHREAD 1
| #define STDC_HEADERS 1
| #define HAVE_SYS_TYPES_H 1
| #define HAVE_SYS_STAT_H 1
| #define HAVE_STDLIB_H 1
| #define HAVE_STRING_H 1
| #define HAVE_MEMORY_H 1
| #define HAVE_STRINGS_H 1
| #define HAVE_INTTYPES_H 1
| #define HAVE_STDINT_H 1
| #define HAVE_UNISTD_H 1
| #define HAVE_DLFCN_H 1
| #define LT_OBJDIR ".libs/"
| #define HAVE_STRUCT_SOCKADDR_UN 1
| #define HAVE_STRUCT_ADDRINFO 1
| #define HAVE_DEV_PTMX 1
| #define RANDOM_FILE "/dev/urandom"
| #define HAVE_STDINT_H 1
| #define HAVE_INTTYPES_H 1
| #define HAVE_PTHREAD_H 1
| #define HAVE_POLL_H 1
| #define HAVE_GRP_H 1
| #define HAVE_UNISTD_H 1
| #define HAVE_UTIL_H 1
| #define HAVE_SYS_TYPES_H 1
| #define HAVE_SYS_SELECT_H 1
| #define HAVE_SYS_POLL_H 1
| #define HAVE_SYS_SOCKET_H 1
| #define HAVE_SYS_UN_H 1
| #define HAVE_SYS_IOCTL_H 1
| #define HAVE_SYS_FILIO_H 1
| #define HAVE_SYS_RESOURCE_H 1
| #define HAVE_SYS_UIO_H 1
| #define HAVE_SYS_SYSCALL_H 1
| #define HAVE_STRUCT_MSGHDR_MSG_CONTROL 1
| #define HAVE_MSGHDR_MSG_CONTROL 1
| #define HAVE_SNPRINTF 1
| #define HAVE_VSNPRINTF 1
| #define HAVE_OPENPTY 1
| #define HAVE_DAEMON 1
| #define HAVE_WAITPID 1
| #define HAVE_WAIT4 1
| #define HAVE_SETSID 1
| #define HAVE_SETGROUPS 1
| #define HAVE_CHROOT 1
| #define HAVE_SYSCONF 1
| #define HAVE_GETRLIMIT 1
| #define HAVE_PTHREAD_SIGMASK 1
| #define HAVE_LOCALTIME_R 1
| #define HAVE_GETCONTEXT 1
| #define HAVE_POLL 1
| #define HAVE_GETHOSTBYNAME2 1
| #define HAVE_ENDHOSTENT 1
| #define HAVE_GETNAMEINFO 1
| #define HAVE_GETADDRINFO 1
| #define BROKEN_POLL 1
| /* end confdefs.h.  */
| /* Define pipe2 to an innocuous variant, in case <limits.h> declares pipe2.
|    For example, HP-UX 11i <limits.h> declares gettimeofday.  */
| #define pipe2 innocuous_pipe2
| 
| /* System header to define __stub macros and hopefully few prototypes,
|     which can conflict with char pipe2 (); below.
|     Prefer <limits.h> to <assert.h> if __STDC__ is defined, since
|     <limits.h> exists even on freestanding compilers.  */
| 
| #ifdef __STDC__
| # include <limits.h>
| #else
| # include <assert.h>
| #endif
| 
| #undef pipe2
| 
| /* Override any GCC internal prototype to avoid an error.
|    Use char because int might match the return type of a GCC
|    builtin and then its argument prototype would still apply.  */
| #ifdef __cplusplus
| extern "C"
| #endif
| char pipe2 ();
| /* The GNU C library defines this for functions which it implements
|     to always fail with ENOSYS.  Some functions are actually named
|     something starting with __ and the normal name is an alias.  */
| #if defined __stub_pipe2 || defined __stub___pipe2
| choke me
| #endif
| 
| int
| main ()
| {
| return pipe2 ();
|   ;
|   return 0;
| }
configure:14585: result: no
configure:14585: checking for accept4
configure:14585: gcc -o conftest -g -O2 -D_THREAD_SAFE -pthread -Wall -Wextra -Wpedantic -Wformat=2 -Wconversion -Wno-long-long -Wno-deprecated-declarations -fstack-protector -fPIE -D_FORTIFY_SOURCE=2   -fPIE -pie conftest.c -lz   >&5
clang: warning: argument unused during compilation: '-pie'
Undefined symbols for architecture x86_64:
  "_accept4", referenced from:
      _main in conftest-fb5628.o
ld: symbol(s) not found for architecture x86_64
clang: error: linker command failed with exit code 1 (use -v to see invocation)
configure:14585: $? = 1
configure: failed program was:
| /* confdefs.h */
| #define PACKAGE_NAME "stunnel"
| #define PACKAGE_TARNAME "stunnel"
| #define PACKAGE_VERSION "5.17"
| #define PACKAGE_STRING "stunnel 5.17"
| #define PACKAGE_BUGREPORT ""
| #define PACKAGE_URL ""
| #define PACKAGE "stunnel"
| #define VERSION "5.17"
| #define _GNU_SOURCE 1
| #define HOST "x86_64-apple-darwin14.3.0"
| #define CPU_X86_64 1
| #define VENDOR_APPLE 1
| #define OS_DARWIN14_3_0 1
| #define HAVE_PTHREAD_PRIO_INHERIT 1
| #define USE_PTHREAD 1
| #define STDC_HEADERS 1
| #define HAVE_SYS_TYPES_H 1
| #define HAVE_SYS_STAT_H 1
| #define HAVE_STDLIB_H 1
| #define HAVE_STRING_H 1
| #define HAVE_MEMORY_H 1
| #define HAVE_STRINGS_H 1
| #define HAVE_INTTYPES_H 1
| #define HAVE_STDINT_H 1
| #define HAVE_UNISTD_H 1
| #define HAVE_DLFCN_H 1
| #define LT_OBJDIR ".libs/"
| #define HAVE_STRUCT_SOCKADDR_UN 1
| #define HAVE_STRUCT_ADDRINFO 1
| #define HAVE_DEV_PTMX 1
| #define RANDOM_FILE "/dev/urandom"
| #define HAVE_STDINT_H 1
| #define HAVE_INTTYPES_H 1
| #define HAVE_PTHREAD_H 1
| #define HAVE_POLL_H 1
| #define HAVE_GRP_H 1
| #define HAVE_UNISTD_H 1
| #define HAVE_UTIL_H 1
| #define HAVE_SYS_TYPES_H 1
| #define HAVE_SYS_SELECT_H 1
| #define HAVE_SYS_POLL_H 1
| #define HAVE_SYS_SOCKET_H 1
| #define HAVE_SYS_UN_H 1
| #define HAVE_SYS_IOCTL_H 1
| #define HAVE_SYS_FILIO_H 1
| #define HAVE_SYS_RESOURCE_H 1
| #define HAVE_SYS_UIO_H 1
| #define HAVE_SYS_SYSCALL_H 1
| #define HAVE_STRUCT_MSGHDR_MSG_CONTROL 1
| #define HAVE_MSGHDR_MSG_CONTROL 1
| #define HAVE_SNPRINTF 1
| #define HAVE_VSNPRINTF 1
| #define HAVE_OPENPTY 1
| #define HAVE_DAEMON 1
| #define HAVE_WAITPID 1
| #define HAVE_WAIT4 1
| #define HAVE_SETSID 1
| #define HAVE_SETGROUPS 1
| #define HAVE_CHROOT 1
| #define HAVE_SYSCONF 1
| #define HAVE_GETRLIMIT 1
| #define HAVE_PTHREAD_SIGMASK 1
| #define HAVE_LOCALTIME_R 1
| #define HAVE_GETCONTEXT 1
| #define HAVE_POLL 1
| #define HAVE_GETHOSTBYNAME2 1
| #define HAVE_ENDHOSTENT 1
| #define HAVE_GETNAMEINFO 1
| #define HAVE_GETADDRINFO 1
| #define BROKEN_POLL 1
| /* end confdefs.h.  */
| /* Define accept4 to an innocuous variant, in case <limits.h> declares accept4.
|    For example, HP-UX 11i <limits.h> declares gettimeofday.  */
| #define accept4 innocuous_accept4
| 
| /* System header to define __stub macros and hopefully few prototypes,
|     which can conflict with char accept4 (); below.
|     Prefer <limits.h> to <assert.h> if __STDC__ is defined, since
|     <limits.h> exists even on freestanding compilers.  */
| 
| #ifdef __STDC__
| # include <limits.h>
| #else
| # include <assert.h>
| #endif
| 
| #undef accept4
| 
| /* Override any GCC internal prototype to avoid an error.
|    Use char because int might match the return type of a GCC
|    builtin and then its argument prototype would still apply.  */
| #ifdef __cplusplus
| extern "C"
| #endif
| char accept4 ();
| /* The GNU C library defines this for functions which it implements
|     to always fail with ENOSYS.  Some functions are actually named
|     something starting with __ and the normal name is an alias.  */
| #if defined __stub_accept4 || defined __stub___accept4
| choke me
| #endif
| 
| int
| main ()
| {
| return accept4 ();
|   ;
|   return 0;
| }
configure:14585: result: no
configure:14595: **************************************** optional features
configure:14598: checking whether to enable IPv6 support
configure:14621: result: yes (default)
configure:14631: checking whether to enable FIPS support
configure:14657: result: autodetecting
configure:14665: checking whether to enable systemd socket activation support
configure:14744: result: autodetecting
configure:14747: checking for library containing sd_listen_fds
configure:14778: gcc -o conftest -g -O2 -D_THREAD_SAFE -pthread -Wall -Wextra -Wpedantic -Wformat=2 -Wconversion -Wno-long-long -Wno-deprecated-declarations -fstack-protector -fPIE -D_FORTIFY_SOURCE=2   -fPIE -pie conftest.c -lz   >&5
clang: warning: argument unused during compilation: '-pie'
Undefined symbols for architecture x86_64:
  "_sd_listen_fds", referenced from:
      _main in conftest-e042f9.o
ld: symbol(s) not found for architecture x86_64
clang: error: linker command failed with exit code 1 (use -v to see invocation)
configure:14778: $? = 1
configure: failed program was:
| /* confdefs.h */
| #define PACKAGE_NAME "stunnel"
| #define PACKAGE_TARNAME "stunnel"
| #define PACKAGE_VERSION "5.17"
| #define PACKAGE_STRING "stunnel 5.17"
| #define PACKAGE_BUGREPORT ""
| #define PACKAGE_URL ""
| #define PACKAGE "stunnel"
| #define VERSION "5.17"
| #define _GNU_SOURCE 1
| #define HOST "x86_64-apple-darwin14.3.0"
| #define CPU_X86_64 1
| #define VENDOR_APPLE 1
| #define OS_DARWIN14_3_0 1
| #define HAVE_PTHREAD_PRIO_INHERIT 1
| #define USE_PTHREAD 1
| #define STDC_HEADERS 1
| #define HAVE_SYS_TYPES_H 1
| #define HAVE_SYS_STAT_H 1
| #define HAVE_STDLIB_H 1
| #define HAVE_STRING_H 1
| #define HAVE_MEMORY_H 1
| #define HAVE_STRINGS_H 1
| #define HAVE_INTTYPES_H 1
| #define HAVE_STDINT_H 1
| #define HAVE_UNISTD_H 1
| #define HAVE_DLFCN_H 1
| #define LT_OBJDIR ".libs/"
| #define HAVE_STRUCT_SOCKADDR_UN 1
| #define HAVE_STRUCT_ADDRINFO 1
| #define HAVE_DEV_PTMX 1
| #define RANDOM_FILE "/dev/urandom"
| #define HAVE_STDINT_H 1
| #define HAVE_INTTYPES_H 1
| #define HAVE_PTHREAD_H 1
| #define HAVE_POLL_H 1
| #define HAVE_GRP_H 1
| #define HAVE_UNISTD_H 1
| #define HAVE_UTIL_H 1
| #define HAVE_SYS_TYPES_H 1
| #define HAVE_SYS_SELECT_H 1
| #define HAVE_SYS_POLL_H 1
| #define HAVE_SYS_SOCKET_H 1
| #define HAVE_SYS_UN_H 1
| #define HAVE_SYS_IOCTL_H 1
| #define HAVE_SYS_FILIO_H 1
| #define HAVE_SYS_RESOURCE_H 1
| #define HAVE_SYS_UIO_H 1
| #define HAVE_SYS_SYSCALL_H 1
| #define HAVE_STRUCT_MSGHDR_MSG_CONTROL 1
| #define HAVE_MSGHDR_MSG_CONTROL 1
| #define HAVE_SNPRINTF 1
| #define HAVE_VSNPRINTF 1
| #define HAVE_OPENPTY 1
| #define HAVE_DAEMON 1
| #define HAVE_WAITPID 1
| #define HAVE_WAIT4 1
| #define HAVE_SETSID 1
| #define HAVE_SETGROUPS 1
| #define HAVE_CHROOT 1
| #define HAVE_SYSCONF 1
| #define HAVE_GETRLIMIT 1
| #define HAVE_PTHREAD_SIGMASK 1
| #define HAVE_LOCALTIME_R 1
| #define HAVE_GETCONTEXT 1
| #define HAVE_POLL 1
| #define HAVE_GETHOSTBYNAME2 1
| #define HAVE_ENDHOSTENT 1
| #define HAVE_GETNAMEINFO 1
| #define HAVE_GETADDRINFO 1
| #define BROKEN_POLL 1
| #define USE_IPv6 1
| /* end confdefs.h.  */
| 
| /* Override any GCC internal prototype to avoid an error.
|    Use char because int might match the return type of a GCC
|    builtin and then its argument prototype would still apply.  */
| #ifdef __cplusplus
| extern "C"
| #endif
| char sd_listen_fds ();
| int
| main ()
| {
| return sd_listen_fds ();
|   ;
|   return 0;
| }
configure:14778: gcc -o conftest -g -O2 -D_THREAD_SAFE -pthread -Wall -Wextra -Wpedantic -Wformat=2 -Wconversion -Wno-long-long -Wno-deprecated-declarations -fstack-protector -fPIE -D_FORTIFY_SOURCE=2   -fPIE -pie conftest.c -lsystemd  -lz   >&5
clang: warning: argument unused during compilation: '-pie'
ld: library not found for -lsystemd
clang: error: linker command failed with exit code 1 (use -v to see invocation)
configure:14778: $? = 1
configure: failed program was:
| /* confdefs.h */
| #define PACKAGE_NAME "stunnel"
| #define PACKAGE_TARNAME "stunnel"
| #define PACKAGE_VERSION "5.17"
| #define PACKAGE_STRING "stunnel 5.17"
| #define PACKAGE_BUGREPORT ""
| #define PACKAGE_URL ""
| #define PACKAGE "stunnel"
| #define VERSION "5.17"
| #define _GNU_SOURCE 1
| #define HOST "x86_64-apple-darwin14.3.0"
| #define CPU_X86_64 1
| #define VENDOR_APPLE 1
| #define OS_DARWIN14_3_0 1
| #define HAVE_PTHREAD_PRIO_INHERIT 1
| #define USE_PTHREAD 1
| #define STDC_HEADERS 1
| #define HAVE_SYS_TYPES_H 1
| #define HAVE_SYS_STAT_H 1
| #define HAVE_STDLIB_H 1
| #define HAVE_STRING_H 1
| #define HAVE_MEMORY_H 1
| #define HAVE_STRINGS_H 1
| #define HAVE_INTTYPES_H 1
| #define HAVE_STDINT_H 1
| #define HAVE_UNISTD_H 1
| #define HAVE_DLFCN_H 1
| #define LT_OBJDIR ".libs/"
| #define HAVE_STRUCT_SOCKADDR_UN 1
| #define HAVE_STRUCT_ADDRINFO 1
| #define HAVE_DEV_PTMX 1
| #define RANDOM_FILE "/dev/urandom"
| #define HAVE_STDINT_H 1
| #define HAVE_INTTYPES_H 1
| #define HAVE_PTHREAD_H 1
| #define HAVE_POLL_H 1
| #define HAVE_GRP_H 1
| #define HAVE_UNISTD_H 1
| #define HAVE_UTIL_H 1
| #define HAVE_SYS_TYPES_H 1
| #define HAVE_SYS_SELECT_H 1
| #define HAVE_SYS_POLL_H 1
| #define HAVE_SYS_SOCKET_H 1
| #define HAVE_SYS_UN_H 1
| #define HAVE_SYS_IOCTL_H 1
| #define HAVE_SYS_FILIO_H 1
| #define HAVE_SYS_RESOURCE_H 1
| #define HAVE_SYS_UIO_H 1
| #define HAVE_SYS_SYSCALL_H 1
| #define HAVE_STRUCT_MSGHDR_MSG_CONTROL 1
| #define HAVE_MSGHDR_MSG_CONTROL 1
| #define HAVE_SNPRINTF 1
| #define HAVE_VSNPRINTF 1
| #define HAVE_OPENPTY 1
| #define HAVE_DAEMON 1
| #define HAVE_WAITPID 1
| #define HAVE_WAIT4 1
| #define HAVE_SETSID 1
| #define HAVE_SETGROUPS 1
| #define HAVE_CHROOT 1
| #define HAVE_SYSCONF 1
| #define HAVE_GETRLIMIT 1
| #define HAVE_PTHREAD_SIGMASK 1
| #define HAVE_LOCALTIME_R 1
| #define HAVE_GETCONTEXT 1
| #define HAVE_POLL 1
| #define HAVE_GETHOSTBYNAME2 1
| #define HAVE_ENDHOSTENT 1
| #define HAVE_GETNAMEINFO 1
| #define HAVE_GETADDRINFO 1
| #define BROKEN_POLL 1
| #define USE_IPv6 1
| /* end confdefs.h.  */
| 
| /* Override any GCC internal prototype to avoid an error.
|    Use char because int might match the return type of a GCC
|    builtin and then its argument prototype would still apply.  */
| #ifdef __cplusplus
| extern "C"
| #endif
| char sd_listen_fds ();
| int
| main ()
| {
| return sd_listen_fds ();
|   ;
|   return 0;
| }
configure:14778: gcc -o conftest -g -O2 -D_THREAD_SAFE -pthread -Wall -Wextra -Wpedantic -Wformat=2 -Wconversion -Wno-long-long -Wno-deprecated-declarations -fstack-protector -fPIE -D_FORTIFY_SOURCE=2   -fPIE -pie conftest.c -lsystemd-daemon  -lz   >&5
clang: warning: argument unused during compilation: '-pie'
ld: library not found for -lsystemd-daemon
clang: error: linker command failed with exit code 1 (use -v to see invocation)
configure:14778: $? = 1
configure: failed program was:
| /* confdefs.h */
| #define PACKAGE_NAME "stunnel"
| #define PACKAGE_TARNAME "stunnel"
| #define PACKAGE_VERSION "5.17"
| #define PACKAGE_STRING "stunnel 5.17"
| #define PACKAGE_BUGREPORT ""
| #define PACKAGE_URL ""
| #define PACKAGE "stunnel"
| #define VERSION "5.17"
| #define _GNU_SOURCE 1
| #define HOST "x86_64-apple-darwin14.3.0"
| #define CPU_X86_64 1
| #define VENDOR_APPLE 1
| #define OS_DARWIN14_3_0 1
| #define HAVE_PTHREAD_PRIO_INHERIT 1
| #define USE_PTHREAD 1
| #define STDC_HEADERS 1
| #define HAVE_SYS_TYPES_H 1
| #define HAVE_SYS_STAT_H 1
| #define HAVE_STDLIB_H 1
| #define HAVE_STRING_H 1
| #define HAVE_MEMORY_H 1
| #define HAVE_STRINGS_H 1
| #define HAVE_INTTYPES_H 1
| #define HAVE_STDINT_H 1
| #define HAVE_UNISTD_H 1
| #define HAVE_DLFCN_H 1
| #define LT_OBJDIR ".libs/"
| #define HAVE_STRUCT_SOCKADDR_UN 1
| #define HAVE_STRUCT_ADDRINFO 1
| #define HAVE_DEV_PTMX 1
| #define RANDOM_FILE "/dev/urandom"
| #define HAVE_STDINT_H 1
| #define HAVE_INTTYPES_H 1
| #define HAVE_PTHREAD_H 1
| #define HAVE_POLL_H 1
| #define HAVE_GRP_H 1
| #define HAVE_UNISTD_H 1
| #define HAVE_UTIL_H 1
| #define HAVE_SYS_TYPES_H 1
| #define HAVE_SYS_SELECT_H 1
| #define HAVE_SYS_POLL_H 1
| #define HAVE_SYS_SOCKET_H 1
| #define HAVE_SYS_UN_H 1
| #define HAVE_SYS_IOCTL_H 1
| #define HAVE_SYS_FILIO_H 1
| #define HAVE_SYS_RESOURCE_H 1
| #define HAVE_SYS_UIO_H 1
| #define HAVE_SYS_SYSCALL_H 1
| #define HAVE_STRUCT_MSGHDR_MSG_CONTROL 1
| #define HAVE_MSGHDR_MSG_CONTROL 1
| #define HAVE_SNPRINTF 1
| #define HAVE_VSNPRINTF 1
| #define HAVE_OPENPTY 1
| #define HAVE_DAEMON 1
| #define HAVE_WAITPID 1
| #define HAVE_WAIT4 1
| #define HAVE_SETSID 1
| #define HAVE_SETGROUPS 1
| #define HAVE_CHROOT 1
| #define HAVE_SYSCONF 1
| #define HAVE_GETRLIMIT 1
| #define HAVE_PTHREAD_SIGMASK 1
| #define HAVE_LOCALTIME_R 1
| #define HAVE_GETCONTEXT 1
| #define HAVE_POLL 1
| #define HAVE_GETHOSTBYNAME2 1
| #define HAVE_ENDHOSTENT 1
| #define HAVE_GETNAMEINFO 1
| #define HAVE_GETADDRINFO 1
| #define BROKEN_POLL 1
| #define USE_IPv6 1
| /* end confdefs.h.  */
| 
| /* Override any GCC internal prototype to avoid an error.
|    Use char because int might match the return type of a GCC
|    builtin and then its argument prototype would still apply.  */
| #ifdef __cplusplus
| extern "C"
| #endif
| char sd_listen_fds ();
| int
| main ()
| {
| return sd_listen_fds ();
|   ;
|   return 0;
| }
configure:14795: result: no
configure:14825: systemd library not found
configure:14837: checking whether to enable TCP wrappers support
configure:14861: result: autodetecting
configure:14863: checking for hosts_access in -lwrap
configure:14880: gcc -o conftest -g -O2 -D_THREAD_SAFE -pthread -Wall -Wextra -Wpedantic -Wformat=2 -Wconversion -Wno-long-long -Wno-deprecated-declarations -fstack-protector -fPIE -D_FORTIFY_SOURCE=2   -fPIE -pie conftest.c -lz   -lwrap >&5
clang: warning: argument unused during compilation: '-pie'
ld: library not found for -lwrap
clang: error: linker command failed with exit code 1 (use -v to see invocation)
configure:14880: $? = 1
configure: failed program was:
| /* confdefs.h */
| #define PACKAGE_NAME "stunnel"
| #define PACKAGE_TARNAME "stunnel"
| #define PACKAGE_VERSION "5.17"
| #define PACKAGE_STRING "stunnel 5.17"
| #define PACKAGE_BUGREPORT ""
| #define PACKAGE_URL ""
| #define PACKAGE "stunnel"
| #define VERSION "5.17"
| #define _GNU_SOURCE 1
| #define HOST "x86_64-apple-darwin14.3.0"
| #define CPU_X86_64 1
| #define VENDOR_APPLE 1
| #define OS_DARWIN14_3_0 1
| #define HAVE_PTHREAD_PRIO_INHERIT 1
| #define USE_PTHREAD 1
| #define STDC_HEADERS 1
| #define HAVE_SYS_TYPES_H 1
| #define HAVE_SYS_STAT_H 1
| #define HAVE_STDLIB_H 1
| #define HAVE_STRING_H 1
| #define HAVE_MEMORY_H 1
| #define HAVE_STRINGS_H 1
| #define HAVE_INTTYPES_H 1
| #define HAVE_STDINT_H 1
| #define HAVE_UNISTD_H 1
| #define HAVE_DLFCN_H 1
| #define LT_OBJDIR ".libs/"
| #define HAVE_STRUCT_SOCKADDR_UN 1
| #define HAVE_STRUCT_ADDRINFO 1
| #define HAVE_DEV_PTMX 1
| #define RANDOM_FILE "/dev/urandom"
| #define HAVE_STDINT_H 1
| #define HAVE_INTTYPES_H 1
| #define HAVE_PTHREAD_H 1
| #define HAVE_POLL_H 1
| #define HAVE_GRP_H 1
| #define HAVE_UNISTD_H 1
| #define HAVE_UTIL_H 1
| #define HAVE_SYS_TYPES_H 1
| #define HAVE_SYS_SELECT_H 1
| #define HAVE_SYS_POLL_H 1
| #define HAVE_SYS_SOCKET_H 1
| #define HAVE_SYS_UN_H 1
| #define HAVE_SYS_IOCTL_H 1
| #define HAVE_SYS_FILIO_H 1
| #define HAVE_SYS_RESOURCE_H 1
| #define HAVE_SYS_UIO_H 1
| #define HAVE_SYS_SYSCALL_H 1
| #define HAVE_STRUCT_MSGHDR_MSG_CONTROL 1
| #define HAVE_MSGHDR_MSG_CONTROL 1
| #define HAVE_SNPRINTF 1
| #define HAVE_VSNPRINTF 1
| #define HAVE_OPENPTY 1
| #define HAVE_DAEMON 1
| #define HAVE_WAITPID 1
| #define HAVE_WAIT4 1
| #define HAVE_SETSID 1
| #define HAVE_SETGROUPS 1
| #define HAVE_CHROOT 1
| #define HAVE_SYSCONF 1
| #define HAVE_GETRLIMIT 1
| #define HAVE_PTHREAD_SIGMASK 1
| #define HAVE_LOCALTIME_R 1
| #define HAVE_GETCONTEXT 1
| #define HAVE_POLL 1
| #define HAVE_GETHOSTBYNAME2 1
| #define HAVE_ENDHOSTENT 1
| #define HAVE_GETNAMEINFO 1
| #define HAVE_GETADDRINFO 1
| #define BROKEN_POLL 1
| #define USE_IPv6 1
| /* end confdefs.h.  */
| 
|                 int hosts_access(); int allow_severity, deny_severity;
| int
| main ()
| {
| hosts_access()
|   ;
|   return 0;
| }
| 
configure:14892: result: no
configure:14895: libwrap library not found
configure:14907: **************************************** SSL
configure:14910: checking for compiler sysroot
configure:14918: result: /
configure:14930: checking for SSL directory
configure:14957: result: /usr/local/ssl
configure:14970: checking /usr/local/ssl/include/openssl/engine.h usability
configure:14970: gcc -c -g -O2 -D_THREAD_SAFE -pthread -Wall -Wextra -Wpedantic -Wformat=2 -Wconversion -Wno-long-long -Wno-deprecated-declarations -fstack-protector -fPIE -D_FORTIFY_SOURCE=2  -I/usr/local/ssl/include conftest.c >&5
configure:14970: $? = 0
configure:14970: result: yes
configure:14970: checking /usr/local/ssl/include/openssl/engine.h presence
configure:14970: gcc -E  -I/usr/local/ssl/include conftest.c
configure:14970: $? = 0
configure:14970: result: yes
configure:14970: checking for /usr/local/ssl/include/openssl/engine.h
configure:14970: result: yes
configure:14983: checking /usr/local/ssl/include/openssl/ocsp.h usability
configure:14983: gcc -c -g -O2 -D_THREAD_SAFE -pthread -Wall -Wextra -Wpedantic -Wformat=2 -Wconversion -Wno-long-long -Wno-deprecated-declarations -fstack-protector -fPIE -D_FORTIFY_SOURCE=2  -I/usr/local/ssl/include conftest.c >&5
configure:14983: $? = 0
configure:14983: result: yes
configure:14983: checking /usr/local/ssl/include/openssl/ocsp.h presence
configure:14983: gcc -E  -I/usr/local/ssl/include conftest.c
configure:14983: $? = 0
configure:14983: result: yes
configure:14983: checking for /usr/local/ssl/include/openssl/ocsp.h
configure:14983: result: yes
configure:14998: checking for FIPS_mode_set
configure:14998: gcc -o conftest -g -O2 -D_THREAD_SAFE -pthread -Wall -Wextra -Wpedantic -Wformat=2 -Wconversion -Wno-long-long -Wno-deprecated-declarations -fstack-protector -fPIE -D_FORTIFY_SOURCE=2  -I/usr/local/ssl/include  -fPIE -pie conftest.c -lz   -L/usr/local/ssl/lib64 -L/usr/local/ssl/lib -lssl -lcrypto >&5
clang: warning: argument unused during compilation: '-pie'
ld: warning: directory not found for option '-L/usr/local/ssl/lib64'
ld: warning: ignoring file /usr/local/ssl/lib/libssl.a, file was built for archive which is not the architecture being linked (x86_64): /usr/local/ssl/lib/libssl.a
ld: warning: ignoring file /usr/local/ssl/lib/libcrypto.a, file was built for archive which is not the architecture being linked (x86_64): /usr/local/ssl/lib/libcrypto.a
Undefined symbols for architecture x86_64:
  "_FIPS_mode_set", referenced from:
      _main in conftest-004bc3.o
ld: symbol(s) not found for architecture x86_64
clang: error: linker command failed with exit code 1 (use -v to see invocation)
configure:14998: $? = 1
configure: failed program was:
| /* confdefs.h */
| #define PACKAGE_NAME "stunnel"
| #define PACKAGE_TARNAME "stunnel"
| #define PACKAGE_VERSION "5.17"
| #define PACKAGE_STRING "stunnel 5.17"
| #define PACKAGE_BUGREPORT ""
| #define PACKAGE_URL ""
| #define PACKAGE "stunnel"
| #define VERSION "5.17"
| #define _GNU_SOURCE 1
| #define HOST "x86_64-apple-darwin14.3.0"
| #define CPU_X86_64 1
| #define VENDOR_APPLE 1
| #define OS_DARWIN14_3_0 1
| #define HAVE_PTHREAD_PRIO_INHERIT 1
| #define USE_PTHREAD 1
| #define STDC_HEADERS 1
| #define HAVE_SYS_TYPES_H 1
| #define HAVE_SYS_STAT_H 1
| #define HAVE_STDLIB_H 1
| #define HAVE_STRING_H 1
| #define HAVE_MEMORY_H 1
| #define HAVE_STRINGS_H 1
| #define HAVE_INTTYPES_H 1
| #define HAVE_STDINT_H 1
| #define HAVE_UNISTD_H 1
| #define HAVE_DLFCN_H 1
| #define LT_OBJDIR ".libs/"
| #define HAVE_STRUCT_SOCKADDR_UN 1
| #define HAVE_STRUCT_ADDRINFO 1
| #define HAVE_DEV_PTMX 1
| #define RANDOM_FILE "/dev/urandom"
| #define HAVE_STDINT_H 1
| #define HAVE_INTTYPES_H 1
| #define HAVE_PTHREAD_H 1
| #define HAVE_POLL_H 1
| #define HAVE_GRP_H 1
| #define HAVE_UNISTD_H 1
| #define HAVE_UTIL_H 1
| #define HAVE_SYS_TYPES_H 1
| #define HAVE_SYS_SELECT_H 1
| #define HAVE_SYS_POLL_H 1
| #define HAVE_SYS_SOCKET_H 1
| #define HAVE_SYS_UN_H 1
| #define HAVE_SYS_IOCTL_H 1
| #define HAVE_SYS_FILIO_H 1
| #define HAVE_SYS_RESOURCE_H 1
| #define HAVE_SYS_UIO_H 1
| #define HAVE_SYS_SYSCALL_H 1
| #define HAVE_STRUCT_MSGHDR_MSG_CONTROL 1
| #define HAVE_MSGHDR_MSG_CONTROL 1
| #define HAVE_SNPRINTF 1
| #define HAVE_VSNPRINTF 1
| #define HAVE_OPENPTY 1
| #define HAVE_DAEMON 1
| #define HAVE_WAITPID 1
| #define HAVE_WAIT4 1
| #define HAVE_SETSID 1
| #define HAVE_SETGROUPS 1
| #define HAVE_CHROOT 1
| #define HAVE_SYSCONF 1
| #define HAVE_GETRLIMIT 1
| #define HAVE_PTHREAD_SIGMASK 1
| #define HAVE_LOCALTIME_R 1
| #define HAVE_GETCONTEXT 1
| #define HAVE_POLL 1
| #define HAVE_GETHOSTBYNAME2 1
| #define HAVE_ENDHOSTENT 1
| #define HAVE_GETNAMEINFO 1
| #define HAVE_GETADDRINFO 1
| #define BROKEN_POLL 1
| #define USE_IPv6 1
| #define SSLDIR "/usr/local/ssl"
| #define HAVE_OSSL_ENGINE_H 1
| #define HAVE_OSSL_OCSP_H 1
| /* end confdefs.h.  */
| /* Define FIPS_mode_set to an innocuous variant, in case <limits.h> declares FIPS_mode_set.
|    For example, HP-UX 11i <limits.h> declares gettimeofday.  */
| #define FIPS_mode_set innocuous_FIPS_mode_set
| 
| /* System header to define __stub macros and hopefully few prototypes,
|     which can conflict with char FIPS_mode_set (); below.
|     Prefer <limits.h> to <assert.h> if __STDC__ is defined, since
|     <limits.h> exists even on freestanding compilers.  */
| 
| #ifdef __STDC__
| # include <limits.h>
| #else
| # include <assert.h>
| #endif
| 
| #undef FIPS_mode_set
| 
| /* Override any GCC internal prototype to avoid an error.
|    Use char because int might match the return type of a GCC
|    builtin and then its argument prototype would still apply.  */
| #ifdef __cplusplus
| extern "C"
| #endif
| char FIPS_mode_set ();
| /* The GNU C library defines this for functions which it implements
|     to always fail with ENOSYS.  Some functions are actually named
|     something starting with __ and the normal name is an alias.  */
| #if defined __stub_FIPS_mode_set || defined __stub___FIPS_mode_set
| choke me
| #endif
| 
| int
| main ()
| {
| return FIPS_mode_set ();
|   ;
|   return 0;
| }
configure:14998: result: no
configure:15012: FIPS support not found
configure:15023: **************************************** write the results
configure:15136: checking that generated files are newer than configure
configure:15142: result: done
configure:15165: creating ./config.status

## ---------------------- ##
## Running config.status. ##
## ---------------------- ##

This file was extended by stunnel config.status 5.17, which was
generated by GNU Autoconf 2.69.  Invocation command line was

  CONFIG_FILES    = 
  CONFIG_HEADERS  = 
  CONFIG_LINKS    = 
  CONFIG_COMMANDS = 
  $ ./config.status 

on default5285

config.status:1147: creating Makefile
config.status:1147: creating src/Makefile
config.status:1147: creating src/stunnel3
config.status:1147: creating doc/Makefile
config.status:1147: creating tools/Makefile
config.status:1147: creating tools/stunnel.conf-sample
config.status:1147: creating tools/stunnel.init
config.status:1147: creating tools/stunnel.service
config.status:1147: creating src/config.h
config.status:1376: executing depfiles commands
config.status:1376: executing libtool commands
configure:17397: **************************************** success

## ---------------- ##
## Cache variables. ##
## ---------------- ##

ac_cv_build=x86_64-apple-darwin14.3.0
ac_cv_c_compiler_gnu=yes
ac_cv_c_int16_t=yes
ac_cv_c_int32_t=yes
ac_cv_c_int64_t=yes
ac_cv_c_int8_t=yes
ac_cv_c_uint16_t=yes
ac_cv_c_uint32_t=yes
ac_cv_c_uint64_t=yes
ac_cv_c_uint8_t=yes
ac_cv_env_CC_set=
ac_cv_env_CC_value=
ac_cv_env_CFLAGS_set=
ac_cv_env_CFLAGS_value=
ac_cv_env_CPPFLAGS_set=
ac_cv_env_CPPFLAGS_value=
ac_cv_env_CPP_set=
ac_cv_env_CPP_value=
ac_cv_env_LDFLAGS_set=
ac_cv_env_LDFLAGS_value=
ac_cv_env_LIBS_set=
ac_cv_env_LIBS_value=
ac_cv_env_build_alias_set=
ac_cv_env_build_alias_value=
ac_cv_env_host_alias_set=
ac_cv_env_host_alias_value=
ac_cv_env_target_alias_set=
ac_cv_env_target_alias_value=
ac_cv_file__dev_ptc=no
ac_cv_file__dev_ptmx=yes
ac_cv_file__dev_urandom=yes
ac_cv_func_FIPS_mode_set=no
ac_cv_func___makecontext_v2=no
ac_cv_func__getpty=no
ac_cv_func_accept4=no
ac_cv_func_chroot=yes
ac_cv_func_daemon=yes
ac_cv_func_endhostent=yes
ac_cv_func_getcontext=yes
ac_cv_func_gethostbyname2=yes
ac_cv_func_getnameinfo=yes
ac_cv_func_getrlimit=yes
ac_cv_func_localtime_r=yes
ac_cv_func_openpty=yes
ac_cv_func_pipe2=no
ac_cv_func_poll=yes
ac_cv_func_pthread_sigmask=yes
ac_cv_func_setgroups=yes
ac_cv_func_setsid=yes
ac_cv_func_snprintf=yes
ac_cv_func_sysconf=yes
ac_cv_func_vsnprintf=yes
ac_cv_func_wait4=yes
ac_cv_func_waitpid=yes
ac_cv_header__usr_local_ssl_include_openssl_engine_h=yes
ac_cv_header__usr_local_ssl_include_openssl_ocsp_h=yes
ac_cv_header_dlfcn_h=yes
ac_cv_header_grp_h=yes
ac_cv_header_inttypes_h=yes
ac_cv_header_libutil_h=no
ac_cv_header_linux_netfilter_ipv4_h=no
ac_cv_header_malloc_h=no
ac_cv_header_memory_h=yes
ac_cv_header_poll_h=yes
ac_cv_header_pthread_h=yes
ac_cv_header_pty_h=no
ac_cv_header_stdc=yes
ac_cv_header_stdint_h=yes
ac_cv_header_stdlib_h=yes
ac_cv_header_string_h=yes
ac_cv_header_strings_h=yes
ac_cv_header_stropts_h=no
ac_cv_header_sys_filio_h=yes
ac_cv_header_sys_ioctl_h=yes
ac_cv_header_sys_poll_h=yes
ac_cv_header_sys_resource_h=yes
ac_cv_header_sys_select_h=yes
ac_cv_header_sys_socket_h=yes
ac_cv_header_sys_stat_h=yes
ac_cv_header_sys_syscall_h=yes
ac_cv_header_sys_types_h=yes
ac_cv_header_sys_uio_h=yes
ac_cv_header_sys_un_h=yes
ac_cv_header_tcpd_h=no
ac_cv_header_ucontext_h=no
ac_cv_header_unistd_h=yes
ac_cv_header_util_h=yes
ac_cv_host=x86_64-apple-darwin14.3.0
ac_cv_member_struct_msghdr_msg_control=yes
ac_cv_objext=o
ac_cv_path_EGREP='/usr/bin/grep -E'
ac_cv_path_FGREP='/usr/bin/grep -F'
ac_cv_path_GREP=/usr/bin/grep
ac_cv_path_SED=/usr/bin/sed
ac_cv_path_install='/usr/bin/install -c'
ac_cv_prog_AWK=awk
ac_cv_prog_CPP='gcc -E'
ac_cv_prog_ac_ct_AR=ar
ac_cv_prog_ac_ct_CC=gcc
ac_cv_prog_ac_ct_DSYMUTIL=dsymutil
ac_cv_prog_ac_ct_LIPO=lipo
ac_cv_prog_ac_ct_NMEDIT=nmedit
ac_cv_prog_ac_ct_OTOOL=otool
ac_cv_prog_ac_ct_RANLIB=ranlib
ac_cv_prog_ac_ct_STRIP=strip
ac_cv_prog_cc_c89=
ac_cv_prog_cc_g=yes
ac_cv_prog_make_make_set=yes
ac_cv_search_dlopen='none required'
ac_cv_search_gethostbyname='none required'
ac_cv_search_inflateEnd=-lz
ac_cv_search_openpty='none required'
ac_cv_search_sd_listen_fds=no
ac_cv_search_shl_load=no
ac_cv_search_socket='none required'
ac_cv_search_yp_get_default_domain='none required'
ac_cv_type_size_t=yes
ac_cv_type_ssize_t=yes
ac_cv_type_struct_addrinfo=yes
ac_cv_type_struct_sockaddr_un=yes
ac_cv_type_uid_t=yes
am_cv_CC_dependencies_compiler_type=gcc3
am_cv_make_support_nested_variables=yes
am_cv_prog_cc_c_o=yes
ax_cv_PTHREAD_PRIO_INHERIT=yes
ax_cv_check_cflags___D_FORTIFY_SOURCE_2=yes
ax_cv_check_cflags___Wall=yes
ax_cv_check_cflags___Wconversion=yes
ax_cv_check_cflags___Wextra=yes
ax_cv_check_cflags___Wformat_2=yes
ax_cv_check_cflags___Wno_deprecated_declarations=yes
ax_cv_check_cflags___Wno_long_long=yes
ax_cv_check_cflags___Wpedantic=yes
ax_cv_check_cflags___fPIE=yes
ax_cv_check_cflags___fstack_protector=yes
ax_cv_check_ldflags___Wl__z_noexecstack=no
ax_cv_check_ldflags___Wl__z_now=no
ax_cv_check_ldflags___Wl__z_relro=no
ax_cv_check_ldflags___fPIE=yes
ax_cv_check_ldflags___pie=yes
lt_cv_apple_cc_single_mod=yes
lt_cv_ar_at_file=no
lt_cv_deplibs_check_method=pass_all
lt_cv_file_magic_cmd='$MAGIC_CMD'
lt_cv_file_magic_test_file=
lt_cv_ld_exported_symbols_list=yes
lt_cv_ld_force_load=yes
lt_cv_ld_reload_flag=-r
lt_cv_nm_interface='BSD nm'
lt_cv_objdir=.libs
lt_cv_path_LD=/Applications/Xcode.app/Contents/Developer/Toolchains/XcodeDefault.xctoolchain/usr/bin/ld
lt_cv_path_NM=/usr/bin/nm
lt_cv_path_mainfest_tool=no
lt_cv_prog_compiler_c_o=yes
lt_cv_prog_compiler_pic='-fno-common -DPIC'
lt_cv_prog_compiler_pic_works=yes
lt_cv_prog_compiler_rtti_exceptions=yes
lt_cv_prog_compiler_static_works=no
lt_cv_prog_gnu_ld=no
lt_cv_sharedlib_from_linklib_cmd='printf %s\n'
lt_cv_sys_global_symbol_pipe='sed -n -e '\''s/^.*[	 ]\([BCDEGRST][BCDEGRST]*\)[	 ][	 ]*_\([_A-Za-z][_A-Za-z0-9]*\)$/\1 _\2 \2/p'\'' | sed '\''/ __gnu_lto/d'\'''
lt_cv_sys_global_symbol_to_c_name_address='sed -n -e '\''s/^: \([^ ]*\)[ ]*$/  {\"\1\", (void *) 0},/p'\'' -e '\''s/^[BCDEGRST]* \([^ ]*\) \([^ ]*\)$/  {"\2", (void *) \&\2},/p'\'''
lt_cv_sys_global_symbol_to_c_name_address_lib_prefix='sed -n -e '\''s/^: \([^ ]*\)[ ]*$/  {\"\1\", (void *) 0},/p'\'' -e '\''s/^[BCDEGRST]* \([^ ]*\) \(lib[^ ]*\)$/  {"\2", (void *) \&\2},/p'\'' -e '\''s/^[BCDEGRST]* \([^ ]*\) \([^ ]*\)$/  {"lib\2", (void *) \&\2},/p'\'''
lt_cv_sys_global_symbol_to_cdecl='sed -n -e '\''s/^T .* \(.*\)$/extern int \1();/p'\'' -e '\''s/^[BCDEGRST]* .* \(.*\)$/extern char \1;/p'\'''
lt_cv_sys_max_cmd_len=196608
lt_cv_to_host_file_cmd=func_convert_file_noop
lt_cv_to_tool_file_cmd=func_convert_file_noop

## ----------------- ##
## Output variables. ##
## ----------------- ##

ACLOCAL='${SHELL} /Users/nesfield/git/wolf/stunnel/stunnel-5.17/auto/missing aclocal-1.14'
AMDEPBACKSLASH='\'
AMDEP_FALSE='#'
AMDEP_TRUE=''
AMTAR='$${TAR-tar}'
AM_BACKSLASH='\'
AM_DEFAULT_V='$(AM_DEFAULT_VERBOSITY)'
AM_DEFAULT_VERBOSITY='1'
AM_V='$(V)'
AR='ar'
AUTOCONF='${SHELL} /Users/nesfield/git/wolf/stunnel/stunnel-5.17/auto/missing autoconf'
AUTOHEADER='${SHELL} /Users/nesfield/git/wolf/stunnel/stunnel-5.17/auto/missing autoheader'
AUTOMAKE='${SHELL} /Users/nesfield/git/wolf/stunnel/stunnel-5.17/auto/missing automake-1.14'
AWK='awk'
CC='gcc'
CCDEPMODE='depmode=gcc3'
CFLAGS='-g -O2 -D_THREAD_SAFE -pthread -Wall -Wextra -Wpedantic -Wformat=2 -Wconversion -Wno-long-long -Wno-deprecated-declarations -fstack-protector -fPIE -D_FORTIFY_SOURCE=2'
CPP='gcc -E'
CPPFLAGS=''
CYGPATH_W='echo'
DEFAULT_GROUP='nogroup'
DEFS='-DHAVE_CONFIG_H'
DEPDIR='.deps'
DLLTOOL='false'
DSYMUTIL='dsymutil'
DUMPBIN=''
ECHO_C='\c'
ECHO_N=''
ECHO_T=''
EGREP='/usr/bin/grep -E'
EXEEXT=''
FGREP='/usr/bin/grep -F'
GREP='/usr/bin/grep'
INSTALL_DATA='${INSTALL} -m 644'
INSTALL_PROGRAM='${INSTALL}'
INSTALL_SCRIPT='${INSTALL}'
INSTALL_STRIP_PROGRAM='$(install_sh) -c -s'
LD='/Applications/Xcode.app/Contents/Developer/Toolchains/XcodeDefault.xctoolchain/usr/bin/ld'
LDFLAGS=' -fPIE -pie'
LIBOBJS=''
LIBS='-lz  '
LIBTOOL='$(SHELL) $(top_builddir)/libtool'
LIBTOOL_DEPS='auto/ltmain.sh'
LIPO='lipo'
LN_S='ln -s'
LTLIBOBJS=''
MAKEINFO='${SHELL} /Users/nesfield/git/wolf/stunnel/stunnel-5.17/auto/missing makeinfo'
MANIFEST_TOOL=':'
MKDIR_P='auto/install-sh -c -d'
NM='/usr/bin/nm'
NMEDIT='nmedit'
OBJDUMP='false'
OBJEXT='o'
OTOOL64=':'
OTOOL='otool'
PACKAGE='stunnel'
PACKAGE_BUGREPORT=''
PACKAGE_NAME='stunnel'
PACKAGE_STRING='stunnel 5.17'
PACKAGE_TARNAME='stunnel'
PACKAGE_URL=''
PACKAGE_VERSION='5.17'
PATH_SEPARATOR=':'
PTHREAD_CC='gcc'
PTHREAD_CFLAGS='-D_THREAD_SAFE -pthread'
PTHREAD_LIBS=''
RANDOM_FILE='/dev/urandom'
RANLIB='ranlib'
SED='/usr/bin/sed'
SET_MAKE=''
SHELL='/bin/sh'
SSLDIR='/usr/local/ssl'
STRIP='strip'
VERSION='5.17'
ac_ct_AR='ar'
ac_ct_CC='gcc'
ac_ct_DUMPBIN=''
am__EXEEXT_FALSE=''
am__EXEEXT_TRUE='#'
am__fastdepCC_FALSE='#'
am__fastdepCC_TRUE=''
am__include='include'
am__isrc=''
am__leading_dot='.'
am__nodep='_no'
am__quote=''
am__tar='$${TAR-tar} chof - "$$tardir"'
am__untar='$${TAR-tar} xf -'
ax_pthread_config=''
bindir='${exec_prefix}/bin'
build='x86_64-apple-darwin14.3.0'
build_alias=''
build_cpu='x86_64'
build_os='darwin14.3.0'
build_vendor='apple'
datadir='${datarootdir}'
datarootdir='${prefix}/share'
docdir='${datarootdir}/doc/${PACKAGE_TARNAME}'
dvidir='${docdir}'
exec_prefix='${prefix}'
host='x86_64-apple-darwin14.3.0'
host_alias=''
host_cpu='x86_64'
host_os='darwin14.3.0'
host_vendor='apple'
htmldir='${docdir}'
includedir='${prefix}/include'
infodir='${datarootdir}/info'
install_sh='${SHELL} /Users/nesfield/git/wolf/stunnel/stunnel-5.17/auto/install-sh'
libdir='${exec_prefix}/lib'
libexecdir='${exec_prefix}/libexec'
localedir='${datarootdir}/locale'
localstatedir='${prefix}/var'
mandir='${datarootdir}/man'
mkdir_p='$(MKDIR_P)'
oldincludedir='/usr/include'
pdfdir='${docdir}'
prefix='/usr/local'
program_transform_name='s,x,x,'
psdir='${docdir}'
sbindir='${exec_prefix}/sbin'
sharedstatedir='${prefix}/com'
sysconfdir='${prefix}/etc'
target_alias=''

## ----------- ##
## confdefs.h. ##
## ----------- ##

/* confdefs.h */
#define PACKAGE_NAME "stunnel"
#define PACKAGE_TARNAME "stunnel"
#define PACKAGE_VERSION "5.17"
#define PACKAGE_STRING "stunnel 5.17"
#define PACKAGE_BUGREPORT ""
#define PACKAGE_URL ""
#define PACKAGE "stunnel"
#define VERSION "5.17"
#define _GNU_SOURCE 1
#define HOST "x86_64-apple-darwin14.3.0"
#define CPU_X86_64 1
#define VENDOR_APPLE 1
#define OS_DARWIN14_3_0 1
#define HAVE_PTHREAD_PRIO_INHERIT 1
#define USE_PTHREAD 1
#define STDC_HEADERS 1
#define HAVE_SYS_TYPES_H 1
#define HAVE_SYS_STAT_H 1
#define HAVE_STDLIB_H 1
#define HAVE_STRING_H 1
#define HAVE_MEMORY_H 1
#define HAVE_STRINGS_H 1
#define HAVE_INTTYPES_H 1
#define HAVE_STDINT_H 1
#define HAVE_UNISTD_H 1
#define HAVE_DLFCN_H 1
#define LT_OBJDIR ".libs/"
#define HAVE_STRUCT_SOCKADDR_UN 1
#define HAVE_STRUCT_ADDRINFO 1
#define HAVE_DEV_PTMX 1
#define RANDOM_FILE "/dev/urandom"
#define HAVE_STDINT_H 1
#define HAVE_INTTYPES_H 1
#define HAVE_PTHREAD_H 1
#define HAVE_POLL_H 1
#define HAVE_GRP_H 1
#define HAVE_UNISTD_H 1
#define HAVE_UTIL_H 1
#define HAVE_SYS_TYPES_H 1
#define HAVE_SYS_SELECT_H 1
#define HAVE_SYS_POLL_H 1
#define HAVE_SYS_SOCKET_H 1
#define HAVE_SYS_UN_H 1
#define HAVE_SYS_IOCTL_H 1
#define HAVE_SYS_FILIO_H 1
#define HAVE_SYS_RESOURCE_H 1
#define HAVE_SYS_UIO_H 1
#define HAVE_SYS_SYSCALL_H 1
#define HAVE_STRUCT_MSGHDR_MSG_CONTROL 1
#define HAVE_MSGHDR_MSG_CONTROL 1
#define HAVE_SNPRINTF 1
#define HAVE_VSNPRINTF 1
#define HAVE_OPENPTY 1
#define HAVE_DAEMON 1
#define HAVE_WAITPID 1
#define HAVE_WAIT4 1
#define HAVE_SETSID 1
#define HAVE_SETGROUPS 1
#define HAVE_CHROOT 1
#define HAVE_SYSCONF 1
#define HAVE_GETRLIMIT 1
#define HAVE_PTHREAD_SIGMASK 1
#define HAVE_LOCALTIME_R 1
#define HAVE_GETCONTEXT 1
#define HAVE_POLL 1
#define HAVE_GETHOSTBYNAME2 1
#define HAVE_ENDHOSTENT 1
#define HAVE_GETNAMEINFO 1
#define HAVE_GETADDRINFO 1
#define BROKEN_POLL 1
#define USE_IPv6 1
#define SSLDIR "/usr/local/ssl"
#define HAVE_OSSL_ENGINE_H 1
#define HAVE_OSSL_OCSP_H 1

configure: exit 0
